> time python -u run.py --dataset=data/gen.multi.test.jbl --generate=100 --monte_carlo_iterations=1000 --threshold=0.1 --logging=50 --minimum_output_depth=1 --output_type=deepest --breath_to_depth_ratio=10000 &> out2.log
real    15m29.424s
user    15m28.864s
sys     0m0.412s

[
    {
        "smiles": "C=NC=CS1(=O)=S2(=C)CC#CC3C=C4C5=C=C=C(C#C1)ON2S1#CC(C=C=1)C54O3",
        "depth": 34,
        "score": 510.8459835865775
    }
]
[
    {
        "smiles": "C#N.C=C.C=NC#CC=C1OC2=C1C#C2.CC=C=C=CC(=O)CC1=C=C1",
        "depth": 25,
        "score": 553.8560331420747
    }
]
[
    {
        "smiles": "C#CC#CC(C#CC)=NC.C=C=CC(=O)CC.CC=O.NC#CC#CF",
        "depth": 22,
        "score": 4.243783331244197
    }
]
[
    {
        "smiles": "C=C(C1=CN1)N(C)[SH]1(=CNC)C#CN(C)C#CN1(C)=O",
        "depth": 21,
        "score": 1.6794875085080805
    }
]
[
    {
        "smiles": "C#CC(=CC(Cl)=COC)C1C#C1.C#CC(C)=C=C.C=C1C#CC2OC2C1=C=O",
        "depth": 28,
        "score": 935.8604492060964
    }
]
[
    {
        "smiles": "C=CC(O)=C=N(=O)OC(N)C#COC#CC=C=C(O)OC.CC=C=C=N",
        "depth": 24,
        "score": 1.8914357271932944
    }
]
[
    {
        "smiles": "C#C.C#CCC(=C)OC.C=C=C(C)C.C=N.N#CCl",
        "depth": 14,
        "score": 2.810836629258781
    }
]
[
    {
        "smiles": "C#CC(C#C)C1(N=C(O)C#N=O)C#CC=C1.C=C(C)OC#CC",
        "depth": 22,
        "score": 181.89016893901277
    }
]
[
    {
        "smiles": "C1#CC1.CC1=CC23C#CC=C2N=C=C2C#CC(C)C#S1(C)C3C21CO1",
        "depth": 29,
        "score": 1086.7259832049888
    }
]
[
    {
        "smiles": "C#C.C=NF.CN=[Cd](C)#CF.CO.COS.N#CC(=C=N#N)OCCl.N=O",
        "depth": 20,
        "score": 2.3510970630601133
    }
]
[
    {
        "smiles": "C#CN=N.C#COC#C.C=C=NC#CC.CO.COC",
        "depth": 15,
        "score": 0.38816607301707123
    }
]
[
    {
        "smiles": "C#CC=N.C=C.C=C=C(C)CCN(C)C#CN.COC.N#CO",
        "depth": 18,
        "score": 0.2580037657666064
    }
]
[
    {
        "smiles": "C#CC(=C)C.C=NC#CO.CC#CC.CCl.CN1OC1=O",
        "depth": 17,
        "score": 0.17949421136724905
    }
]
[
    {
        "smiles": "CN1(=O)N=CC=CC1=C(C#CF)NO.FN1N=N1",
        "depth": 18,
        "score": 30.217182752250658
    }
]
[
    {
        "smiles": "C#COCl.C=CC(O)=C=NC.CC1=C=CC1.CO",
        "depth": 15,
        "score": 118.40125372942242
    }
]
[
    {
        "smiles": "C#CC(C#CC)=[SH]C.CC.CN.O=C=CF",
        "depth": 12,
        "score": 0.8605473753367658
    }
]
[
    {
        "smiles": "C=C=C1C([Zr]CC(F)(COC)C2=C(C)N2)N1CC(=C)N",
        "depth": 21,
        "score": 109.83931581681631
    }
]
[
    {
        "smiles": "C#CC12C#CC=S3(=CC1=C(C#N)OC31C3=C1C3)C1C=C1SNC#C2",
        "depth": 29,
        "score": 642.9025505524635
    }
]
[
    {
        "smiles": "C=C=C=C(CC12N=S(#CC(=C=N)C1=C=C)C2=C=NCC)NC",
        "depth": 23,
        "score": 151.29590653206333
    }
]
[
    {
        "smiles": "CC1=NCC(C=O)COC(C)C#CC1",
        "depth": 14,
        "score": 24.55147384820185
    }
]
[
    {
        "smiles": "C#CCC(=O)N=C=O.C#[SH]=O.C=C.C=C1OC#CC1C",
        "depth": 17,
        "score": 194.10887607708887
    }
]
[
    {
        "smiles": "C#CC=O.C=C(CC(=O)CN)ONC(CN(=O)=S)=N(=O)F.CCC=C=CC(C)=C=NC",
        "depth": 28,
        "score": 10.707901076793114
    }
]
[
    {
        "smiles": "C=C(C#COC(C)=C=C(C)C#COC(C)=O)C1C=[SH](F)=C1C.C=O.C=O",
        "depth": 24,
        "score": 25.731029373029795
    }
]
[
    {
        "smiles": "C#C.CON=C(C(C)C=O)C1C#CC#CC12C#CC1(C)C(C)(O)S1(C)#C2",
        "depth": 27,
        "score": 620.6594189612855
    }
]
[
    {
        "smiles": "C#CCC(=C=NC#CCCC(=CC#CN=NC)CNC)C#C",
        "depth": 21,
        "score": 1.0646257855081596
    }
]
[
    {
        "smiles": "C=C.CC(C=C=C1CN1C)=CF",
        "depth": 11,
        "score": 112.53002465257745
    }
]
[
    {
        "smiles": "C=CC(O)(C#CC=O)N=C(C)COOC#CON=C.CCC#N",
        "depth": 21,
        "score": 10.71675764964899
    }
]
[
    {
        "smiles": "C#CC1(C#C)NCN(C#CN=CC#CC)C1(C)N",
        "depth": 18,
        "score": 17.55962255377112
    }
]
[
    {
        "smiles": "C=C=C=NCC(=C=C=C)OC(=C=C)C(SNC)C1(C)OC(N=C)=[SH]1",
        "depth": 24,
        "score": 40.1280962030517
    }
]
[
    {
        "smiles": "C1#CC1.C=C.C=C1S(=C=C2C#C2)#CCC(C#CC(C)COF)N2C3=C4C(C#CC)C43C12C",
        "depth": 35,
        "score": 1412.6957342236205
    }
]
[
    {
        "smiles": "C#CCC#CC(=C)CC#CC(=C)CC#CC(C)C",
        "depth": 17,
        "score": 0.35149420548191224
    }
]
[
    {
        "smiles": "C#C.C=C1C(C#CC(C)Cl)N1CF.NO",
        "depth": 13,
        "score": 110.39700532436267
    }
]
[
    {
        "smiles": "C#CN=CC(=O)C1=C=C=NC(=C=NC(C)C#C)C1=O.C=CCNC(=O)C=O",
        "depth": 26,
        "score": 141.24964581638238
    }
]
[
    {
        "smiles": "CC(=CF)CCl.CC1(Cl)N=CC#CC#CC(O)OC1=CC1=C2C(=N)C12O",
        "depth": 27,
        "score": 402.73344526421266
    }
]
[
    {
        "smiles": "C#C[SH]=C(C(=O)OC)C1CCC2C3=C=C=C1N2C#CONCS#C3.CF",
        "depth": 27,
        "score": 196.41106418783556
    }
]
[
    {
        "smiles": "CC1C#CC2=C=C(ON=C=C1)C(C)NC#CN2OCC=N.CN",
        "depth": 23,
        "score": 102.63451666963064
    }
]
[
    {
        "smiles": "CC(O)C=C=C(CON1C=CC#CC1=O)C1=C(C=C=C=N#N)C1=N",
        "depth": 25,
        "score": 140.75844229756103
    }
]
[
    {
        "smiles": "C#C.CC#CC#CC(=CCl)OC#CC=C=C(O)N=C(N)S",
        "depth": 19,
        "score": 9.920642632553312
    }
]
[
    {
        "smiles": "C#CC=C1OC(=NOC(=C)OC2=NC#S#CC(C#C)=C(C)C#CC(=C)C2C)C1=C.C=C",
        "depth": 31,
        "score": 18.419123397099902
    }
]
[
    {
        "smiles": "C#N.C=C(C#CC)C(CC1C#C1)C1(C#CC)C=N1.C=O.CC.N#CN",
        "depth": 22,
        "score": 643.4042084033462
    }
]
[
    {
        "smiles": "C#CN=C.C#CNCC1=C=C2C(=C=C3OC(O)=C4C13C41C#S1(C)C#C)C2C#CC1=C=CC1O",
        "depth": 37,
        "score": 1010.2033671451137
    }
]
[
    {
        "smiles": "C=C1N=C1CC.CCC.FC12C3=C1C32CCC1=CN1",
        "depth": 21,
        "score": 660.2807576671316
    }
]
[
    {
        "smiles": "C#CC(CCl)C(C#S(=CC#CC#COCNC)C(=O)C#CC)=CCl",
        "depth": 23,
        "score": 4.854872170041058
    }
]
[
    {
        "smiles": "C#CC1CC2=CC3=C=C4OC4C14C(=O)OCC324.COC=O",
        "depth": 24,
        "score": 309.46774761502655
    }
]
[
    {
        "smiles": "C#CC.C=C=C(C)C(CC1C#C1)C(CC=N)C(=O)C#CC",
        "depth": 20,
        "score": 496.44396678073144
    }
]
[
    {
        "smiles": "C=C(F)C12C(=C)C13CN2(=O)C=C=C=C3N=C(C)NO",
        "depth": 21,
        "score": 412.70650757177464
    }
]
[
    {
        "smiles": "C=C=C1NC(N2C3=C2O3)CC(C=C2C3=C2SC3)=C=C(NC=C)OC1Cl.CC",
        "depth": 30,
        "score": 473.9964192342367
    }
]
[
    {
        "smiles": "C#CC(=C)C1(C)C#CC2(C#CCC=C=C=C=NC1=C=CC)C#C2",
        "depth": 24,
        "score": 521.2992084587113
    }
]
[
    {
        "smiles": "C#CC(=C=C1C(C#CCC)N1C#CC(=N)C1=NC1C#CC)C(C#N)(CCF)C(C)=O",
        "depth": 31,
        "score": 254.42924439041664
    }
]
[
    {
        "smiles": "C=C1NC2C=C2C(OF)S(#N)=CN1N.C=N.CC=COC.CCl",
        "depth": 21,
        "score": 116.39379128297183
    }
]
[
    {
        "smiles": "CC1CN2C3=CC(CN=C=C(Cl)C#N=O)C3=C=C=CN1C2OC#CCNCF",
        "depth": 30,
        "score": 119.44158146443542
    }
]
[
    {
        "smiles": "C#CC1OC2C(C)=NC(F)C(NC)C34C5=C=C=C(C)C#CC3C24C52C=CC12.C=C=NC",
        "depth": 35,
        "score": 510.83037515794007
    }
]
[
    {
        "smiles": "C#C.C=C=NC=O.C=N.CC=C=C(C)NCON=C(C)ON=O.OCC#CF",
        "depth": 23,
        "score": 7.629307676889993
    }
]
[
    {
        "smiles": "C#CC(C)C1=CC2=C3N(OCCCO1)C(C)N23",
        "depth": 19,
        "score": 463.79377847437235
    }
]
[
    {
        "smiles": "C#N.CC#CNC(CC)C(C#N)=C(C#CC)CC#N.CC#N.CO",
        "depth": 20,
        "score": 5.794360165907892
    }
]
[
    {
        "smiles": "CC#CC#CC(=O)N(N)OOC",
        "depth": 11,
        "score": 2.278482548752696
    }
]
[
    {
        "smiles": "N#COC12C(=C=C=O)C(=C1CN)N1C=C1N=CC#CC21C#CO1",
        "depth": 26,
        "score": 350.24837804194453
    }
]
[
    {
        "smiles": "C#CC.C=C=C(C)C.C=CC.CCl",
        "depth": 9,
        "score": 0.15108030752102758
    }
]
[
    {
        "smiles": "C#CC.C=CC1(C#CC(=C(Cl)C=O)C(C)C#SN=C)C=CC1",
        "depth": 21,
        "score": 50.28862947446594
    }
]
[
    {
        "smiles": "CCCC1=C=C2N=C=C(C)C3=C=C(O1)C(C=O)(C3)CC(C#N)OO2.CO",
        "depth": 27,
        "score": 137.75587392679276
    }
]
[
    {
        "smiles": "C#CC(N)CNC#CC(=N#N)C1(CCl)C(C#C)C#CC1C#CC(=C)C",
        "depth": 25,
        "score": 168.46895614413245
    }
]
[
    {
        "smiles": "C#CCC.C#CN(=O)=C=C(C)NCC",
        "depth": 12,
        "score": 1.869997805552252
    }
]
[
    {
        "smiles": "C#CCC#CCN=C=S=C=C(C(=C)C#CC#CC)C1C=C=C(C)CC1",
        "depth": 25,
        "score": 48.04261629261343
    }
]
[
    {
        "smiles": "C#[SH]=CC1=C(C)C(C)(N=N)OC#CCC(=C)C1.N=O.OCl",
        "depth": 19,
        "score": 48.200938598871026
    }
]
[
    {
        "smiles": "C#CC(=N)C(=C)C1=C(C#C)C(=C=CN)C#CC1O.C=C=C=C",
        "depth": 21,
        "score": 129.46936728706476
    }
]
[
    {
        "smiles": "C#CCC(=C)CC.C#N.C=CS12#CC(F)(NC)C#CC13CN3C2",
        "depth": 23,
        "score": 541.3110089115457
    }
]
[
    {
        "smiles": "C#CCC#CC#N.C=NC",
        "depth": 8,
        "score": 0.3905908265432387
    }
]
[
    {
        "smiles": "C=[SH]C(=C=O)OC(F)=C=N.CCC#CC(=N)C(C)(C)O",
        "depth": 18,
        "score": 10.428903591100541
    }
]
[
    {
        "smiles": "CC#CS(=C=C=C=C1C=C1C1OC(C)(C2(Br)C#C2)CC#CC1=N)NCC",
        "depth": 28,
        "score": 589.5500577688551
    }
]
[
    {
        "smiles": "C#[SH]=C(C#CCF)C(C)(C#[SH])C(=C=CC)C#N.NCON",
        "depth": 19,
        "score": 7.467329170328788
    }
]
[
    {
        "smiles": "C1#CC1.C=C(O)CC1=C=CC1N=C(O)C1=NC#CN1",
        "depth": 20,
        "score": 875.920405854109
    }
]
[
    {
        "smiles": "C#CC=C1C(=C)C1=COSC.C#COC1=CC(=C=C=C)N1C#N.C=N#N.C=S",
        "depth": 26,
        "score": 0.08989097679382851
    }
]
[
    {
        "smiles": "C#CC=C.C=C(C#CO)C=C=C=CN.C=C(C)C#CC",
        "depth": 17,
        "score": 0.5238803370081121
    }
]
[
    {
        "smiles": "C=C=C=NC1C=N1.CC.CC#CCC(=C=CC)NNNN",
        "depth": 19,
        "score": 138.65339466895284
    }
]
[
    {
        "smiles": "C#C.COC12OC(C=C=N)=C=C3NC14CC1=C=C2N4NC3(CC#N)C(O)CC=CO1",
        "depth": 33,
        "score": 339.57070278319947
    }
]
[
    {
        "smiles": "C#COC=C1C(=C)C=C1C.C#N.C#N.C1#CO1",
        "depth": 15,
        "score": 509.8794640288783
    }
]
[
    {
        "smiles": "C#C.C#CF.C=C=C(C)OC.CC.FN1C=C1Cl",
        "depth": 14,
        "score": 4.180440408249362
    }
]
[
    {
        "smiles": "C#CC#C.CC1(C)C#CC2=C(N(N)C1)N2O",
        "depth": 16,
        "score": 132.94577050767174
    }
]
[
    {
        "smiles": "C#CC#CCC(C=C=CNCN1CC2(C(=C)N=N)OC1(C(C)=N)N2C#C)=CC.CC",
        "depth": 30,
        "score": 140.61725863318998
    }
]
[
    {
        "smiles": "C#CC#N=O.C#CNC(C)(C#CC#CC#CN)CCl.C=C=C.CCN(O)C=O",
        "depth": 24,
        "score": 4.642229211311081
    }
]
[
    {
        "smiles": "CC1=CN(C#CC2(C)C#CCC3=C2CC3)C1=O",
        "depth": 19,
        "score": 146.68397471921756
    }
]
[
    {
        "smiles": "C1#CC(C2CC=NC2NCC2=CO2)=N1.C=O.CNC(C)OC#CC#CCN",
        "depth": 27,
        "score": 311.0281001573506
    }
]
[
    {
        "smiles": "C=NC(OC)(C(C)=O)C(C)=C=CN=N.C=O",
        "depth": 14,
        "score": 19.603906105047734
    }
]
[
    {
        "smiles": "C#[SH].CC#CC(C(Cl)=CC)C1=C(C)C1",
        "depth": 13,
        "score": 98.18973184691302
    }
]
[
    {
        "smiles": "C=C=C(N=C)C(=C)N=NC.CC.CC.CCC#COC",
        "depth": 16,
        "score": 10.00798780146804
    }
]
[
    {
        "smiles": "C#N.C=C1C(=O)CCC=C2C3=C(N13)C2(C)OC(=O)C#N.CC=C=NC",
        "depth": 25,
        "score": 426.617449827972
    }
]
[
    {
        "smiles": "C#CC(OCNCC)C1=C(C#CCN(C)C#CC=C)C1=N",
        "depth": 21,
        "score": 1.8656982427521343
    }
]
[
    {
        "smiles": "C#CN=C.C1#CC(=C2C#C2)C#C1.CC1=CC1",
        "depth": 16,
        "score": 845.0780575087645
    }
]
[
    {
        "smiles": "C#C.C#COC(C)=C=NN(F)C(=C=C)OC.CC.CN.O=O",
        "depth": 17,
        "score": 8.469391051966413
    }
]
[
    {
        "smiles": "C=CC(C)(N(C)C(C)=N(=O)CO)N(CO)C(C)=CO.CC1=NC1",
        "depth": 22,
        "score": 171.99391074386818
    }
]
[
    {
        "smiles": "C#N.C=NCC.CC#N.CF.O=CC=C1C#CC1",
        "depth": 14,
        "score": 258.0738242541049
    }
]
[
    {
        "smiles": "C#CN1ON(C(C)N(C)C2=C(C(C)(C#CCO)COCl=O)C=C2)C1=O.C=C",
        "depth": 27,
        "score": 2.5481551691901663
    }
]
[
    {
        "smiles": "C=N.CC1=C(C)C12C#CC2C1C=C=C=C=N1",
        "depth": 17,
        "score": 631.7279782492931
    }
]
[
    {
        "smiles": "C#CC1=C(C)O1.C=CCC(C)N.CN=C=C(N)C#CC#N",
        "depth": 19,
        "score": 0.39152772265139246
    }
]
[
    {
        "smiles": "C#CC(=C=CC(=NCCO)OC12C=C1COO2)C(S)N=CC=C.CCl.N=O",
        "depth": 26,
        "score": 196.4654589474246
    }
]
[
    {
        "smiles": "C#C.C#CC(C)C(=O)C=NC(C)C.C=C=C=CC",
        "depth": 15,
        "score": 1.9848317792349994
    }
]
[
    {
        "smiles": "NCO",
        "depth": 2,
        "score": 5.8432369744040144e-15
    }
]
[
    {
        "smiles": "C=C=CC.CN=C1C(=S(#CC2=NC2)COC#CN)C12C#CC1(C#CCO)N=CC12",
        "depth": 31,
        "score": 438.3959072833349
    }
]
[
    {
        "smiles": "C=NN(C)C(=CF)[SH]=NC=C(C)N.CC=S(C)#CC(C)C",
        "depth": 19,
        "score": 12.873479970880057
    }
]
[
    {
        "smiles": "C#CC=C=C=CCC#[Zr](#C)(C)(=O)C(=COC)OC(C=O)(C=C=C)N=C.CC",
        "depth": 25,
        "score": 0.8073159575296157
    }
]
