> time python -u run.py --dataset=data/gen.multi.test.jbl --generate=100 --monte_carlo_iterations=1000 --threshold=0.1 --logging=50 --minimum_output_depth=20 --output_type=per_level --breath_to_depth_ratio=10000 --force_field=mmff &> logs/experiment_3.log

real    21m48.607s
user    21m47.630s
sys     0m0.746s

[
    {
        "smiles": "C#N.C=C=C=C=C=CC1=C(ON)C(C)(NC=C)C1=C=O.C=N",
        "depth": 20,
        "score": 0.07218696469504815
    },
    {
        "smiles": "C=C=C=C=C=CC1=CC(N)(C(C)C=NC)C1=C=O.CC#N.NO",
        "depth": 21,
        "score": 2.4747341298435
    },
    {
        "smiles": "N#CC=C1C=NCC=C=C=C=C=C=CC2=CC1(N)C2=C=O",
        "depth": 22,
        "score": 4.717885529257608
    },
    {
        "smiles": "C=C=C=C=C=CC1=C(ON)C(N=C)(C(C)C=NC)C1=C=O.CC#N",
        "depth": 23,
        "score": 1.7863039711690565
    },
    {
        "smiles": "C=C=C.C=CC#N.C=NC.CC1(N)C=C(C=C=C=C=C=C(O)C=N)C1=C=O",
        "depth": 24,
        "score": 0.2039283023338001
    },
    {
        "smiles": "C#CN=CC1(CC#N)C=C(C)NC12C=C(C=C=C=C=C=C)C2=C=O",
        "depth": 25,
        "score": 0.3819705130743747
    },
    {
        "smiles": "C=C=CC(C=NC)(C(=C)C#N)C1(N)C(=C=O)C(C=C=C=C=C=CO)=C1O",
        "depth": 26,
        "score": 0.05510777497792241
    },
    {
        "smiles": "C=C=CC(C=NC)(C(=C)C#N)C1(N)C(=C=O)C(C=C=C=C=C=CO)=C1ON",
        "depth": 27,
        "score": 2.283469410228605
    },
    {
        "smiles": "C=C=CC(C=NC)(C(=C)C#N)C1(N)C(=C=O)C(C=C=C=C=C=CO)=C1ONC",
        "depth": 28,
        "score": 0.3928054248669187
    },
    {
        "smiles": "C=C=CC1(C(=C)C#N)C=NCNC12C=C(C(N)=C=C=C=C=C(C)O)C2=C=O.OO",
        "depth": 29,
        "score": 17.622513016903774
    },
    {
        "smiles": "C=C=CC1(C(=C)C#N)C=NCNC12C(=C=O)C1=C2ONC1=C=C=C=C=C(C)O",
        "depth": 30,
        "score": 35.93061773950314
    },
    {
        "smiles": "C=C=CC1(C(=C)C#N)C=NCNC12C(=C=O)C1=C2ONC1=C=C=C=C=C(C)O.OO",
        "depth": 31,
        "score": 35.930617738005125
    },
    {
        "smiles": "C=C=CC1(C(=C)C#N)C=NC2=CC(O)=C=C=C=C=C3NOC4=C3C(=C=O)C41N2.OO",
        "depth": 32,
        "score": 93.03699743639861
    }
]
[
    {
        "smiles": "C#CO.CC(O)=CO.CCC(OOOC)=C1OC(O)C1CC",
        "depth": 20,
        "score": 5.671151358841856
    },
    {
        "smiles": "C#CO.C=C(C(C)O)C(C)C1C(=C(CC)OOC)OC1OC",
        "depth": 21,
        "score": 5.87685480577173
    },
    {
        "smiles": "C#CC(C)(OC#CO)C(=C)C(C)C1C(=C(CC)OO)OC1O",
        "depth": 22,
        "score": 16.168472354739585
    },
    {
        "smiles": "C#CC(C)(C#C)OC12OOC1=C1OC(OC)C1C2=C.C#CO",
        "depth": 23,
        "score": 30.4702025544452
    },
    {
        "smiles": "C#C.C#CC(C)OC12CC3(C#CO)C(=C1OO2)OC3O.O=N#CO",
        "depth": 24,
        "score": 44.882472856450484
    },
    {
        "smiles": "C#CC(C)OC12OOC1=C1OC(OC)C1(C#CO)C2=C=C.N=CO",
        "depth": 25,
        "score": 47.50483982578979
    },
    {
        "smiles": "C#CC(C)(OC12CC3C(=C1OO2)OC3OC)C(C)=O.C#CO.C=C.N#CO",
        "depth": 26,
        "score": 64.2628019589283
    },
    {
        "smiles": "C#CO.CC.CO.COC1OC2=C3OOC34OC(C)(C(C)=O)CC4C21.N=C=O",
        "depth": 27,
        "score": 65.17480061376226
    },
    {
        "smiles": "C=O.CC.COC1OC2=C3OOC34OC(C)(C(C)=O)CC4C21C#CO.N=C=O",
        "depth": 28,
        "score": 74.39103028460057
    },
    {
        "smiles": "C#CC(C)(OC12OOC1=C1OC(OC)C1(C#CO)C2=C)C(C)=O.C=C.CO.CON",
        "depth": 29,
        "score": 88.36988550133906
    }
]
[
    {
        "smiles": "C=C=CC=C.CC.CCN=C=C=CN(C=C=CC=CO)C(C)=O",
        "depth": 20,
        "score": 0.9583949828948267
    },
    {
        "smiles": "C=C=CC=C.CC.CCN=C=C=CN(C=C=C(C)C=CO)C(C)=O",
        "depth": 21,
        "score": 0.726477002031213
    },
    {
        "smiles": "C=C=CC(=C=O)C(N)CN=C=C=CN(C=C=CC=C)C(C)=O.CC",
        "depth": 22,
        "score": 0.17694903600181044
    },
    {
        "smiles": "C#CC1=C=NC(COC)=C=CC=C=CN(C(C)=O)C1C.C=C.C=C=C",
        "depth": 23,
        "score": 2.565768960566775
    },
    {
        "smiles": "C#CC(C)=C=NC1=C=CC(C)=C=CN(C(C)=O)CCOC1.C=C.C=C=C",
        "depth": 24,
        "score": 13.74313570304615
    },
    {
        "smiles": "C#CC1=C=NC(C(=C=C)OC)=C=CC(C)=C=CN(C(C)=O)C1C.C=C=C",
        "depth": 25,
        "score": 7.448368056410061
    },
    {
        "smiles": "C#CC1=C=NC(C(=N)OC)=C=CC(C)=C=CN(C(C)=O)C1C.C=C=CC=C",
        "depth": 26,
        "score": 14.418029230702558
    },
    {
        "smiles": "C#CC1=C=NC(C(=N)OC)=C=CC(C)=C=CN(C(=O)C=C=C=C=C=C)C1C",
        "depth": 27,
        "score": 21.719951562507568
    },
    {
        "smiles": "C#CC1=C=NC2=C=CC(C)=C=CN(C(=O)C=C=C=C=C=C)C1(C)COC2=N",
        "depth": 28,
        "score": 64.30885199100614
    }
]
[
    {
        "smiles": "C#CC1=C2N(C(C#C)O1)C21OC1C(N)C#CC.CCl",
        "depth": 20,
        "score": 44.175291402440585
    },
    {
        "smiles": "C#CC1OC(C#CCCl)=C2N1C21OC1C(N)C#CC",
        "depth": 21,
        "score": 48.599200179689895
    }
]
[
    {
        "smiles": "C#C.C=C(C#CC)CC1C=C(C)C1.C=C=C=C(C)C#CN.N=O",
        "depth": 20,
        "score": 1.2172602169022897
    },
    {
        "smiles": "C=C=C=C(C)C=C.C=CC1=C(CNCC)C(CC(=C)C)C1.N=O",
        "depth": 21,
        "score": 0.2125641311663431
    },
    {
        "smiles": "C=C=C=C(C)C=CC1C(C=C)=C(CNCC)C1CC(=C)C.N=O",
        "depth": 22,
        "score": 0.6920531077671217
    },
    {
        "smiles": "C#CC(=C=C=C)C1C(N)C2=C(C)C(CCC(C)=C=C=C)C21.N=O",
        "depth": 23,
        "score": 30.957346167562562
    },
    {
        "smiles": "C#CC1=C2C(N=C)C(C(C)=C=C=C)C2C1CCC(C)=C=C=C.N=O",
        "depth": 24,
        "score": 26.94394251919362
    },
    {
        "smiles": "C#C.C#CC(=C=C=C)C1C(N)C2=C(C#C)C(CCC(C)=C=C=C)C21.N=O",
        "depth": 25,
        "score": 27.58401480531704
    },
    {
        "smiles": "C#CNC1C2=C(C#C)C(CCC(C)=C=C=C)C2C1C(=C=C=C)C#C.N=O",
        "depth": 26,
        "score": 25.028972551390822
    },
    {
        "smiles": "C#CC(=C=C=C)C1C(N=C)C2=C(C=C)C(C3=CC(=C=C=C)C3)C21.C=C.N=O",
        "depth": 27,
        "score": 29.435729285850726
    },
    {
        "smiles": "C#C.C#CC(=C=C=C)C1C(N)C2=C(C#C)C(C3=CC(=C=C=C=CC)C3)C21.N=O",
        "depth": 28,
        "score": 27.04592931161789
    },
    {
        "smiles": "C#C.C#CC1=C2C(N)C3C(=C=C=C)C#CC(C)=C=C=C=C4C=C(C4)C1C23.N=O",
        "depth": 29,
        "score": 60.00666370872792
    }
]
[
    {
        "smiles": "C#CC(N)=C=C.C#CON(C)#N.C=C=C.C=CC.CC(C)=C(C)[SH]=N",
        "depth": 20,
        "score": 1.2949664538294554
    },
    {
        "smiles": "C#CC(N)=C=C.C#CON(C)#N.C=C.C=C=C.C=CC.CC(C)=C(C)[SH]=N",
        "depth": 21,
        "score": 1.2949664532562348
    },
    {
        "smiles": "C=C=C.C=C=C(N)C#CCC(S#N)=C(C)CC#CON(C)#N.C=CC",
        "depth": 22,
        "score": 1.0688950960934087
    },
    {
        "smiles": "C#CC(N)=C=C.C#CC1=C(C(C)C#CON(#N)CCC)CS1.C=CC",
        "depth": 23,
        "score": 1.1532479599721448
    },
    {
        "smiles": "C#CC(=C=C)NC#CC.C#CC1=C(C(C)C#CON(C)#N)CS1.C=CC",
        "depth": 24,
        "score": 0.8311431475961051
    },
    {
        "smiles": "C#CC(N)=C=C.C=CC.C=CCN(#N)OC#CC(C)(C)C(C)=C1C(C)[SH]1#N",
        "depth": 25,
        "score": 6.93394802638514
    },
    {
        "smiles": "C#CC(=C=C)NC1CC1(C#CON(#N)C#C)C(C)=C1C(C)[SH]1#N.C=CC",
        "depth": 26,
        "score": 32.509001953919594
    },
    {
        "smiles": "C=C=C(C#CC)NC1CC1(C#CON(#N)C#CC)C(C)=C1C[SH]1#N.C=CC",
        "depth": 27,
        "score": 40.008892296464644
    },
    {
        "smiles": "C#CC(=C=C)N(C)C1CC1(C#CON(#N)C#CC)C(C)=C1C(C)[SH]1#N.C=CC",
        "depth": 28,
        "score": 19.73883841538214
    },
    {
        "smiles": "C=C=C1C#CCC2C(=C(C)C3(C#CON(#N)C#CC)CC3N1C)[SH]2#N.C=CC",
        "depth": 29,
        "score": 38.22502952828655
    },
    {
        "smiles": "C=C=C1C#CC2(C)C3=C(CS32#N)C2(C#CON(C)#N)CC2N1CC=C.C=CC",
        "depth": 30,
        "score": 74.68991804870667
    }
]
[]
[
    {
        "smiles": "C=C.C=CC1N=C(C)CC(CC)=C(Cl)O1.CCl.COC(C)(C)C",
        "depth": 20,
        "score": 0.6577188295705243
    },
    {
        "smiles": "C#C.C=C.C=CC1N=C(C)CC(CC)=C(Cl)O1.CCl.COC(C)(C)C",
        "depth": 21,
        "score": 0.6577188336876509
    }
]
[
    {
        "smiles": "CC(=C=CC#SS)C#CC(C)(C#[SH])OC12CC1=C2O",
        "depth": 20,
        "score": 28.979361700219155
    },
    {
        "smiles": "C#CC(C)(C)OC12CC1=C2O.COCOC1C#SC=C1",
        "depth": 21,
        "score": 32.12128825112893
    },
    {
        "smiles": "C#CC(C)(C)OC12CC1=C2O.COCOC1C#SC(S)=C1",
        "depth": 22,
        "score": 29.215851380444562
    },
    {
        "smiles": "C#C.C#CC(C)(C#[SH])OC12CC1=C2O.C1=CO1.C=C(S)S#CCO",
        "depth": 23,
        "score": 32.54534610283547
    },
    {
        "smiles": "C#CC#CC(C)(C)OC12CC1=C2O.COCOC1C#SC(S)=C1",
        "depth": 24,
        "score": 36.185033256683965
    },
    {
        "smiles": "C#CC#CC(C)(C#[SH])OC12CC1=C2O.COCOC1C#SC(S)=C1",
        "depth": 25,
        "score": 26.369124309853937
    },
    {
        "smiles": "C#CC(C)(OC12CC1=C2OC)C(S)OC(C)=O.C=C=C=CC1=S(S)#C1",
        "depth": 26,
        "score": 89.81456988940405
    },
    {
        "smiles": "C=C(C#CC(C)(OC12CC1=C2OC)C(S)OC(C)=O)C=CC1=S(S)#C1",
        "depth": 27,
        "score": 96.52952050353966
    },
    {
        "smiles": "C=C(C#CC(C)(OC12CC1=C2OC)C(S)OC(C)=O)C1=CC2=S(#C2)S1",
        "depth": 28,
        "score": 99.77712116292102
    }
]
[
    {
        "smiles": "C#C.C#CC(=C)C.C=C=COC(=CCC)OC.C=C=S.C=CN=C.CCl",
        "depth": 20,
        "score": 0.02304930815476469
    },
    {
        "smiles": "C#C.C=C=C.C=C=S.C=CCOC(O)=C(C=CN(C)C)CC.CCC.CCl",
        "depth": 21,
        "score": 0.29871765861361643
    },
    {
        "smiles": "C#CCNC=CC(C)=C(O)OCC=CC(=C)CC.C=C=C.C=C=S.CCl",
        "depth": 22,
        "score": 0.1251839416709255
    },
    {
        "smiles": "C#CC(C1=CN(C)C1C#C)=C(O)OCC=C.C=C=C.C=C=S.CCC.CCl",
        "depth": 23,
        "score": 0.0874052491465106
    },
    {
        "smiles": "C#CC(C)N(C)C=CC(CC)=C(O)OCC=CCCC.C=C=C.C=C=S.CCl",
        "depth": 24,
        "score": 0.5063006179736318
    },
    {
        "smiles": "C#CC(C)N(C#C)C=CC(CC)=C(OC=C=C)OCC=C.C=C=S.CCC.CCl",
        "depth": 25,
        "score": 5.5142254312802494
    },
    {
        "smiles": "C#CC1(C)C(C(CC)=C(OC=C=C)OCC=C=CCC)=CN1C.C=C=S.CCl",
        "depth": 26,
        "score": 8.031510915540402
    },
    {
        "smiles": "C#CN1C=C(C(CC)=C(OC=C=C)OCC=CCCC)C1(C)C#C.C=C=S.CCl",
        "depth": 27,
        "score": 18.37170661278365
    }
]
[]
[
    {
        "smiles": "C#CC(=C)C(CCO)C(=CO)CC(O)=C(C#C)C=C=CC",
        "depth": 20,
        "score": 2.761074361760617
    },
    {
        "smiles": "C#CC(=C)C(CCO)C(=CO)CC(O)=C(C#C)C=C=CC.CC",
        "depth": 21,
        "score": 2.761074361095025
    },
    {
        "smiles": "C#CC(=C)C1CCOC(=C=CC)C(C#C)=C(O)CC1=COC",
        "depth": 22,
        "score": 18.077741463965296
    },
    {
        "smiles": "C#CC(=C)C1C(=C)COC(=C=CC)C(C#C)=C(O)CC1=COC",
        "depth": 23,
        "score": 0.8977970928055097
    },
    {
        "smiles": "C#CC(=C)C1C(=C)COC(=C=CC)C(C#C)=C(O)CC1=COCC",
        "depth": 24,
        "score": 0.5000274049685345
    },
    {
        "smiles": "C#CC(=C)C1C(=C)C2OC(=C=CC)C(C#C)=C(CC1=COCC)O2",
        "depth": 25,
        "score": 12.682602712120197
    },
    {
        "smiles": "C#CC(=C)C1C(=C)C2OC(=C=CC)C3=C(O2)C(C#C3)C1=COCC",
        "depth": 26,
        "score": 104.98763187208546
    }
]
[
    {
        "smiles": "C#CCC(=C)C(CN=C(CC(=C)O)CC(C)C#CC)OF",
        "depth": 20,
        "score": 26.709216859570592
    }
]
[]
[]
[]
[]
[
    {
        "smiles": "C#CC#COC1(CC(C)=O)COC1=CC.C=C.CCl.COC.CS",
        "depth": 20,
        "score": 0.24653534872939398
    },
    {
        "smiles": "C1=COCC1.C=C1OCC1(CC(C)=O)OC#CC.C=C=CCl",
        "depth": 21,
        "score": 1.8335035045698178
    },
    {
        "smiles": "C#COC1(CC(C)=O)COC1=CC.C=C1COC1.CC=CCl.CS",
        "depth": 22,
        "score": 1.4797424031020294
    },
    {
        "smiles": "C=C1COC1.CC=C1OCC1(CC(C)=O)OC#CCC=CCl.CS",
        "depth": 23,
        "score": 4.489158901147926
    }
]
[
    {
        "smiles": "C#CC=C(CC12CCC1C2F)C(=C)F.CC(Cl)=CC#N",
        "depth": 20,
        "score": 0.28215576031377143
    },
    {
        "smiles": "C#CC.C=C.CC#N.CCCl.FC1CC2(C3CC3)C(F)C12.N=C=N",
        "depth": 21,
        "score": 0.009544608285443568
    },
    {
        "smiles": "C#CC=C(CC12CCC1C2F)C(=C)F.C#CN.CC(Cl)=CC#N",
        "depth": 22,
        "score": 0.2821557605863614
    },
    {
        "smiles": "C#CC=C(CC12CC(=CN)C1C2(C)F)C(=C)F.CC(Cl)=CC#N",
        "depth": 23,
        "score": 1.2080930665558007
    },
    {
        "smiles": "C#CC=C(CC12CC(=C(N)N)C1C2(C)F)C(=C)F.CC(Cl)=CC#N",
        "depth": 24,
        "score": 0.13569165206099942
    },
    {
        "smiles": "C#CC=C(C(=C)F)C(C)C12CC(=C(N)N)C1C2(C)F.CC(Cl)=CC#N",
        "depth": 25,
        "score": 2.7717278101681564
    }
]
[]
[]
[
    {
        "smiles": "C=C.C=C(CO)C(F)C=[SH](C)=NC#CC=C(C)OO.C=C=C=C",
        "depth": 20,
        "score": 1.6313360664267709
    },
    {
        "smiles": "C=C.C=C(C(C)=O)C(F)C=S(C)(=NC)C(C)=C(C)O.C=C=C=CF",
        "depth": 21,
        "score": 1.4898450610192855
    },
    {
        "smiles": "C#CC(C=[SH](C)=NC#CC=C(C)OO)C(=C)C(C)O.C=C.C=C=C=C",
        "depth": 22,
        "score": 0.6670756287658631
    },
    {
        "smiles": "C#CC(C=[SH](C)=NC#CC=C(C)OO)C(=C)C(C)O.C=C.C=C=C=C.CF",
        "depth": 23,
        "score": 0.6670756287825071
    },
    {
        "smiles": "C=C1COOC(C)=CC#CN=[SH](C)=CC1(C)F.C=C=C=C.FC=CCCl",
        "depth": 24,
        "score": 0.6205099700397656
    },
    {
        "smiles": "C=C.C=C(C)C1(F)C=[SH](C)=NC#CC=C(C)OOC(C)C1=CO.C=C=C=C",
        "depth": 25,
        "score": 0.657369398708813
    },
    {
        "smiles": "C=C1COOC(C)=CC#CN=[SH](C)=CC1(C)F.C=C=C=C.CC(C)(Cl)C=CF",
        "depth": 26,
        "score": 0.2941215725275512
    },
    {
        "smiles": "C#CC(=C)Cl.C=C=C=C.C=CF.CC1=CC#CN=[SH](C)=CC(C)(F)C(=CO)COO1",
        "depth": 27,
        "score": 0.8358723170890203
    },
    {
        "smiles": "C=C=C=C.C=CC(C)Cl.CC.CC1=CC#CN=[SH](C)=CC(C)(F)C(=CO)C(C)(O)OO1",
        "depth": 28,
        "score": 6.298342083361103
    },
    {
        "smiles": "C#CC(Cl)C=CF.C=C=C=C.CC1=C2C#CN=[SH](=CC(C)(F)C(=C=O)C(O)OO1)C2",
        "depth": 29,
        "score": 13.811555780055354
    },
    {
        "smiles": "C=C=C=CF.C=CC(C)Cl.CC.CC1=C2C#CN=[SH](=CC(C)(F)C(=CO)C(C)(O)OO1)C2",
        "depth": 30,
        "score": 61.436944836868236
    }
]
[
    {
        "smiles": "C#C.C=C=O.C=CCC(=C=C=CN(C)N)C1=C=C1.OCC=CBr",
        "depth": 20,
        "score": 45.718216864720986
    },
    {
        "smiles": "C#C.C=C=O.C=CCC(=C=C=CN(C)N)C1=C=C1.O=S.OCC=CBr",
        "depth": 21,
        "score": 45.71821686314393
    },
    {
        "smiles": "C#C.C=C=O.C=CCC(=C=C=C(N)N(C)NC(Br)=CCO)C1=C=C1",
        "depth": 22,
        "score": 53.37770397676125
    },
    {
        "smiles": "C=C=O.C=CC(C(=C=C=C(N)N(C)N)C1=C=C1)C(O)C=CBr.CC.O=S",
        "depth": 23,
        "score": 56.46566834499029
    },
    {
        "smiles": "C=C.C=C1CC(C2=C=C2)=C=C=C(N)N(NC(Br)=CCO)C1.C=C=O.OS",
        "depth": 24,
        "score": 66.84511876687982
    },
    {
        "smiles": "C=C.C=C1CN2NC(Br)=CC(O)C1C(C1=C=C1)=C=C=C2N.C=C=O.OS",
        "depth": 25,
        "score": 93.74459966122586
    }
]
[
    {
        "smiles": "C#N.CC(=O)C(C#CC#CC(C)O)(CCl)OCNO.CCC=N",
        "depth": 20,
        "score": 19.474516238550287
    },
    {
        "smiles": "C#CC(O)C#CC#CC(CCl)(OCNO)C(C)=O.C#N.CCC=N",
        "depth": 21,
        "score": 19.581994167318246
    },
    {
        "smiles": "C#CC(O)C#CC#CC(CCl)(OCNO)C(C)=O.C#N.CCC(C)=N",
        "depth": 22,
        "score": 21.069678320451345
    },
    {
        "smiles": "C#CC(O)C#CC#CC(CCl)(OCNO)C(C)=O.C#N.CC1=NC1C",
        "depth": 23,
        "score": 45.55636781567329
    },
    {
        "smiles": "C#N.CC(=O)C1(CCl)C#CC#CC(O)C#CONCO1.CC1=NC1C",
        "depth": 24,
        "score": 70.09202368383765
    }
]
[]
[]
[
    {
        "smiles": "C#CC(=CCC=C=C=C(C)O)CC(=C)C(C)C#C.C=CCC",
        "depth": 20,
        "score": 0.2023341012589812
    },
    {
        "smiles": "C#CC(=C)C.C=C=C=C.C=C=CCC(O)=C=C=C(C)C.CC1CC1",
        "depth": 21,
        "score": 3.1202596598575796
    },
    {
        "smiles": "C#CC(C)=C=CC(C)=C=C=C(O)CC=C=C.C=C=C=C.CC1CC1",
        "depth": 22,
        "score": 5.219178484198209
    },
    {
        "smiles": "C#CC(C)=C=C=C=CC.C=C=CCC(=C=C=C(C)C)OCC1CC1",
        "depth": 23,
        "score": 12.759622857423967
    },
    {
        "smiles": "C#CC(C)=C=C=C=CC.C=C=CC(=C)C(=C=C=C(C)C)OCC1CC1",
        "depth": 24,
        "score": 13.588867586827492
    },
    {
        "smiles": "C=C=CC(C)(C#CC(C)=C=C=C=C=CC)C(=C=C=CC)OCC1CC1",
        "depth": 25,
        "score": 29.476968415659496
    },
    {
        "smiles": "C=C=CC(C)(C#CC(C)=C=CC1(C)C=C1)C(=C=C=CC)OCC1CC1",
        "depth": 26,
        "score": 30.159171892682824
    },
    {
        "smiles": "C=C=CC1(C)C#CC(C)=C=C(C2(C)C=C2)C(C)=C=C=C1OCC1CC1",
        "depth": 27,
        "score": 47.85618365539444
    },
    {
        "smiles": "C=C=CC1(C)C#CC(C)=C=C(C23C=C2C3)C(C)=C=C=C1OCC1CC1",
        "depth": 28,
        "score": 64.52296095876969
    }
]
[]
[
    {
        "smiles": "C#CF.C=C=NC(=C=C)C(C)=N.CCN(CBr)CONOOC",
        "depth": 20,
        "score": 0.2811773474860626
    },
    {
        "smiles": "C=C.C=C(Br)N(CC)CONOOC.C=C=C(N)C(=N)CC#CF",
        "depth": 21,
        "score": 1.183810314810773
    },
    {
        "smiles": "C#CF.C=C=NC(=C=C)C(C)=N.CCN(CBr)C(C)ON(C)OOC",
        "depth": 22,
        "score": 2.185913280752758
    },
    {
        "smiles": "C=C.C=C=C1NC(C#CF)C1=N.CCN(CON(C)OOC)C(C)Br",
        "depth": 23,
        "score": 3.2258195073328686
    },
    {
        "smiles": "C=C.C=C=C1NC(C#CF)C1=N.CCN(C(C)Br)C(C)ON(C)OOC",
        "depth": 24,
        "score": 7.95705364690649
    },
    {
        "smiles": "C=C=C1C(=N)C(C#CF)N1C=C.CCN(C(C)Br)C(C)ON(C)OOC",
        "depth": 25,
        "score": 18.62237905563628
    }
]
[
    {
        "smiles": "C=C.C=C1C=C2C(C#CC#N)N2C(OC#CC)N1.CC=O",
        "depth": 20,
        "score": 0.23499782575139427
    },
    {
        "smiles": "C#CC#N.C=C.C=C1C=C2CN2C(OC#CC)N1.CC=O.CCO",
        "depth": 21,
        "score": 5.603914239891803
    },
    {
        "smiles": "C=C.C=C1C=C2C(C#CC#N)N2C(OC#CC)N1.CC=O.CCO",
        "depth": 22,
        "score": 0.23499782592038176
    },
    {
        "smiles": "C=C=C1C(OC)=C2N(CN1CC#CO)C2(C)C#CC#N.C=CC",
        "depth": 23,
        "score": 8.62327410845285
    },
    {
        "smiles": "C=C(Cl)C1(C#CC#N)C2=CC(=C=C=O)N(CC#COC)CN21.C=O",
        "depth": 24,
        "score": 5.625662508744467
    },
    {
        "smiles": "C=C=C1C=C2N(CN1)C2(C#CC#N)C(O)Cl.C=CO.CC#COC#CC",
        "depth": 25,
        "score": 41.3239116987115
    },
    {
        "smiles": "C=C=C1C=C2N(CN1)C2(C#CC#N)C(O)Cl.C=CO.CC#COC#CCC",
        "depth": 26,
        "score": 41.31366005412166
    },
    {
        "smiles": "C=C=C1NCN2C(=C1OC)C2(C#CC#N)C(=C)Cl.CC#COCC.CCC.CO",
        "depth": 27,
        "score": 45.19635050382024
    },
    {
        "smiles": "C=C=C1C(OC)=C2N(CN1CC#COC(C)C=C)C2(C#CC#N)C(Cl)=CO",
        "depth": 28,
        "score": 7.681453688489944
    },
    {
        "smiles": "C#CO.C=C=C1C(OC)=C2N(CN1CC#COCC)C2(C#CC#N)C(=C)Cl.CCC",
        "depth": 29,
        "score": 9.753304079717775
    },
    {
        "smiles": "C=C=C1C(OC)=C2N(CN1CC#COC(C)C=C)C2(C#CC#N)C(Cl)=CO.C=CO",
        "depth": 30,
        "score": 7.681453688218777
    },
    {
        "smiles": "C=C.CC=CC(C)OC#CCN1CN2C(=C(OC)C1=C=C=O)C2(C#CC#N)C(Cl)=CO",
        "depth": 31,
        "score": 13.62672172357632
    },
    {
        "smiles": "C=C=O.CC=CC(C)OC#CCN1CN2C(=C(OC)C1=C=C=O)C2(C#CC#N)C(Cl)=CO",
        "depth": 32,
        "score": 17.221711521929244
    }
]
[]
[]
[
    {
        "smiles": "C#CC#C[SH]=C(Cl)CN(COC)NC#CNN.C#CC=C.CC",
        "depth": 20,
        "score": 1.2013542262500865
    },
    {
        "smiles": "C#CC#CS1=C(Cl)C(N(NC#CC)C(O)OC)=N1.C#CC=C",
        "depth": 21,
        "score": 0.6694741280859855
    },
    {
        "smiles": "C#CC#CS(=C)N(C)N.C#CN1NC1(O)OC.CC1(CCl)C=C1",
        "depth": 22,
        "score": 0.47855936762022866
    },
    {
        "smiles": "C#CC#CS(=C)N(C)N.C#CN1NC1(O)OC.C=C.CC1(CCl)C=C1",
        "depth": 23,
        "score": 0.4785593585881758
    },
    {
        "smiles": "C#CC#CS1(=C)=C(Cl)C(N(C(OC)OC)N(N)C#C)=N1.C#CC=C.CC",
        "depth": 24,
        "score": 2.3434128708679927
    },
    {
        "smiles": "C#CC#CS1(=C)=C(Cl)C(N2N(C#CN)C2(OC)OC)=N1.C#CC=C.CC",
        "depth": 25,
        "score": 19.184951842959833
    }
]
[
    {
        "smiles": "C=C=C=C=CC#CN(C)C.CC=C(N)OCCC.CC=C=CO",
        "depth": 20,
        "score": 0.0891589105146916
    },
    {
        "smiles": "C=C=C=C=C(C#CN(C)C)N=CCCCOC.N#CC=C=CO",
        "depth": 21,
        "score": 0.41483298006345426
    },
    {
        "smiles": "C=C=C=C=CC#CN(C)C.CCOCCC(O)=C=C(C#N)C=NS",
        "depth": 22,
        "score": 1.219117638749756
    },
    {
        "smiles": "C=C=C=C=CC#CN(C)C.CCOCCC(O)=C=C(C#N)C(C)=NS",
        "depth": 23,
        "score": 8.396656912828826
    },
    {
        "smiles": "C#COCCC(O)=C=CC#N.C=C=C=C=C(C#CN(C)C)N1[SH]=C1C",
        "depth": 24,
        "score": 60.31635987834285
    }
]
[
    {
        "smiles": "C=O.CC#S(=COC)C1CC1(N=COC)NOC(=N)CC",
        "depth": 20,
        "score": 1.3659055829396793
    },
    {
        "smiles": "C=O.CC#S(=COC)C1C2CCC(=N)ONC21N=COC",
        "depth": 21,
        "score": 6.141151216498734
    },
    {
        "smiles": "C=O.CC#S(=COCC)CC12N=COCC1=CCC(=N)ON2",
        "depth": 22,
        "score": 2.3939802860206782
    },
    {
        "smiles": "CC#S(=COC)C12C3OC=NC1(NOC(CC)=NC=O)C32",
        "depth": 23,
        "score": 4.551288284581341
    },
    {
        "smiles": "C=COC(C)=S(#CC)C1C23CCC(=N)ONC12N=COC3.C=O",
        "depth": 24,
        "score": 4.319900884247495
    },
    {
        "smiles": "CC#S(=C(C)OC)C12C3CC(=NC=O)ONC14N=COCC342",
        "depth": 25,
        "score": 3.5927970218769545
    },
    {
        "smiles": "C#CCOC=S(#CC)C1C23N=COC4=NC(CC(=N)ON2)C413.C=O",
        "depth": 26,
        "score": 0.3381911742683313
    },
    {
        "smiles": "CC#S(=C(C)OC=CC)C12C3CC(=NC=O)ONC14N=COCC342",
        "depth": 27,
        "score": 8.554667058900641
    },
    {
        "smiles": "C#CCOC(C)=S(#CC)C1C23N=COC4N=C(CC(=NC=O)ON2)C413",
        "depth": 28,
        "score": 42.772002548390304
    },
    {
        "smiles": "C=CCOC(C)=S(#CC)C12C34N=COC15N1N=C(CC1C352)ON4.C=O",
        "depth": 29,
        "score": 157.57499261402972
    }
]
[]
[
    {
        "smiles": "C#CC(C=C=C=N)N(C#S(C)=CN=C=C(N)F)C(C)C.CF",
        "depth": 20,
        "score": 1.9890423489405884
    },
    {
        "smiles": "C#CC1CC(=C=N)C=C(C)N1C#S(C)=CN=C=C(N)F.CF",
        "depth": 21,
        "score": 10.26164963401905
    },
    {
        "smiles": "C#CC1CC(=C=N)C=C(C)N1C#S1=C(N=C=C(N)F)C1.CF",
        "depth": 22,
        "score": 43.473381848590336
    },
    {
        "smiles": "CC1=CC(=C=N)CC2C#CC3C(N=C=C(N)F)=S3#CN12.CF",
        "depth": 23,
        "score": 77.00580361033259
    }
]
[
    {
        "smiles": "C1=CN1.C=C(C#CC#CC)NC.CC(F)C1=NOC1.CO.NF",
        "depth": 20,
        "score": 12.251736519437282
    },
    {
        "smiles": "C=C(C#CC#CN)NC.CC(F)C1=NOC1.COC1=CN1.NF",
        "depth": 21,
        "score": 29.576206994601016
    }
]
[
    {
        "smiles": "C#CC(C)=C=C=CO.C=C(C#[SH]=CC)C1(C)OO1.COON",
        "depth": 20,
        "score": 0.00640930120917238
    },
    {
        "smiles": "C#CC(C)=C=C=CO.C=C(C#[SH]=CC)C(CC)OO.C=O.COON",
        "depth": 21,
        "score": 0.04552285067163275
    },
    {
        "smiles": "C=CC#CC(C)=C=C=CO.C=O.CC.CC(=C=COC(C)C)COO.CO",
        "depth": 22,
        "score": 1.1830178332319061
    },
    {
        "smiles": "C#CC(=C=C=C(C)O)C(O)=C1CC(=C)C1(C)OO.CCS.COON",
        "depth": 23,
        "score": 0.7266212547643569
    },
    {
        "smiles": "C#CC(=C=C=C(C)O)C(O)=C1CC(=C)C1(C=C)OO.CCS.COON",
        "depth": 24,
        "score": 0.7142134983638249
    },
    {
        "smiles": "C=C1C(=[SH]CC)C(=C(O)C(=C=C=CO)C#CC#CO)C1OO.COCO",
        "depth": 25,
        "score": 0.5079956891496744
    },
    {
        "smiles": "C#CC(=C=C=C(C)O)C(O)=C1C(CC)C(=C)C1(C)OO.CC.CC=O.COON",
        "depth": 26,
        "score": 0.35883136528668524
    },
    {
        "smiles": "C=C1C(=S(CC)OC)C(=C(OC)C(=C=C=CO)C#CC#CO)C1OO.COC",
        "depth": 27,
        "score": 25.849025551727355
    },
    {
        "smiles": "C#CC(=C=C=C(C)O)C(O)=C1C2(S)CC=CC1(OO)C2=C.CC.CC=O.COON",
        "depth": 28,
        "score": 21.678408805594845
    },
    {
        "smiles": "C#CC(=C=C=C(C)O)C(O)=C1C2(OO)C=CCC1([SH]=CC)C2=C.CC=O.COON",
        "depth": 29,
        "score": 23.35275334316335
    },
    {
        "smiles": "C=C1C2(OO)C=CCC1([SH]=CC)C2=C(O)C(=C=C=C(C)O)C#CCC=O.COON",
        "depth": 30,
        "score": 32.647126178921745
    }
]
[]
[
    {
        "smiles": "C#CC(=C=C=C)C(C)=N(=O)C(=C)CCC.C#N=O.C=N.CC#N=O",
        "depth": 20,
        "score": 0.7741378444194496
    },
    {
        "smiles": "C#N=O.C=C=C=C(C#CN=C)C(C)=N(=O)C(=C)C.C=N.CC.CC#N=O",
        "depth": 21,
        "score": 0.6947331002063981
    },
    {
        "smiles": "C=C=C=C(C#CC#N=O)C(C)=N(=O)C(=C)CC(C)C=N.CC#N=O",
        "depth": 22,
        "score": 0.17605216331299456
    },
    {
        "smiles": "C#CC(=C=C=C)C(C)=N(=O)C(=C)C=C.C#N=O.CC(C=N)CC#N=O.N#N",
        "depth": 23,
        "score": 1.7620514026777112
    },
    {
        "smiles": "C#C.C=C=C=C1CCC(C#N)(C=N)C1=N(=O)C(=C)C.CC#N=O.CN(C)N",
        "depth": 24,
        "score": 2.170419801567671
    },
    {
        "smiles": "C#C.C=C=C=C1CCC(C#N)(C=N)C1=N(=O)C(=C)C.C=CN(C)N.CC#N=O",
        "depth": 25,
        "score": 0.6691355394272565
    },
    {
        "smiles": "C#C.C=C=C=C1CCC(C#N)(C=N)C1=N(=O)C(=C)C.C=CN(N)CC.CC#N=O",
        "depth": 26,
        "score": 0.5204320116234156
    },
    {
        "smiles": "C#CC.C=C=C=C1CCC(C#N)(C=N)C1=N(=O)C(=C)C.C=CN(N)CC.CC#N=O",
        "depth": 27,
        "score": 0.520432011475596
    },
    {
        "smiles": "C#CC.C=C=C=C1CCC(C#N)(C=N)C1=N(=O)C(=C)C.C=CN(C)N.C=N#N.CC#N=O",
        "depth": 28,
        "score": 0.6691355392080585
    },
    {
        "smiles": "C#CC.C=C=C=C1CCC(C#N=O)(C=N)C1=N(=O)C(=C)CC.C=CN(N)CCC#N=O",
        "depth": 29,
        "score": 0.23032809470318938
    },
    {
        "smiles": "C#CC.C=C=C=C1CCC(C#N=O)(C=N)C1=N(=O)C(=C)CC.C=CN(CCC#N=O)NN",
        "depth": 30,
        "score": 1.2397693842906439
    },
    {
        "smiles": "C#CC.C=C=C=C1CCC(C#N=O)(C=N)C1=N(=O)C(=C)CCNC(C)C#N=O.C=CN(C)N",
        "depth": 31,
        "score": 32.565526126954225
    },
    {
        "smiles": "C#CC.C=C=C=C1CCC(C#N=O)(C=N)C1=N(=O)C(=C)CCN(CC#N=O)NNN(C)C=C",
        "depth": 32,
        "score": 22.361694104597458
    },
    {
        "smiles": "C#CC.C=C=C=C1CCC(C#N=O)(C=N)C1=N(=O)C(=C)CCN(NNN(C)C=C)C(C)C#N=O",
        "depth": 33,
        "score": 22.592888797910817
    },
    {
        "smiles": "C#CC.C=C=C=C1CCC2(C#N=O)C(=N)C=CN(C)NNN(C(C)C#N=O)CCC(=C)N(=O)=C12",
        "depth": 34,
        "score": 62.5853599990928
    },
    {
        "smiles": "C#CC.C=C=C=C1CCC2(C#N=O)C(=N)C=CN3CC(C)(C#N=O)N(CCC(=C)N(=O)=C12)NN3",
        "depth": 35,
        "score": 93.29914340426578
    }
]
[]
[
    {
        "smiles": "C#N.C=COC(C#CCC(=C)C#N)(C=C)C1CCC1CF",
        "depth": 20,
        "score": 2.9064443971777147
    },
    {
        "smiles": "C#N.C=COC(C#CCC(=C)C#N)(C=C)C1CCC1CF.C=O",
        "depth": 21,
        "score": 2.9064443979723884
    },
    {
        "smiles": "C#N.C=COC(C#CCC(=C)C#N)(C=C)C1CCC1C(=C)F.C=O",
        "depth": 22,
        "score": 2.3049556104670987
    },
    {
        "smiles": "C#N.C=COC(C#CCC(=C)C#N)(C=C)C1CCC1C(=C)F.C=O.CC",
        "depth": 23,
        "score": 2.304955610229598
    },
    {
        "smiles": "C#CC1C(=C)C(F)CCC(C#N)C(=C)C#CC1CCC=CO.C#N.C=O",
        "depth": 24,
        "score": 12.89323622986417
    },
    {
        "smiles": "C=O.N#CC12C#CC(F)C3=CC4OC=CCCC(C#CC1)(C2)C34",
        "depth": 25,
        "score": 102.69922469735981
    }
]
[
    {
        "smiles": "C1OC2ON2O1.CN.N#N1OC12NC=C=C=C2ON",
        "depth": 20,
        "score": 69.85365400790718
    },
    {
        "smiles": "CON1OC1ONC=NOC1=C=C=CNC12ON2#N",
        "depth": 21,
        "score": 73.21853889423637
    }
]
[
    {
        "smiles": "C#CC1=C=C=C=C=COC2C(C1C)C2(C)C#CC.C=C",
        "depth": 20,
        "score": 49.00841911592234
    },
    {
        "smiles": "C=C.CC#CC1(C)C2OC=C=C=C=C=C3C#CC3(C)C21",
        "depth": 21,
        "score": 374.1746438455533
    }
]
[
    {
        "smiles": "C=C1NC2(F)C(=O)CC2C(SOC=C=NC)=NC1=O",
        "depth": 20,
        "score": 21.38422765833093
    },
    {
        "smiles": "C=C.C=C1C(=O)N=C(SOC=C=NC)C2CC(=O)C2N1F",
        "depth": 21,
        "score": 22.543486553225502
    },
    {
        "smiles": "C#CC1(CF)NC2C(=O)CC2C(SOC=C=NC)=NC1=O",
        "depth": 22,
        "score": 68.29476934705038
    }
]
[
    {
        "smiles": "C=C=CC(=C)CC1=CO1.COC#CC(=O)CC(C)(O)C#N",
        "depth": 20,
        "score": 9.030173935263957
    },
    {
        "smiles": "C=C(CC1=CO1)C(N)=C=CCCC(C)(O)CCC#COC",
        "depth": 21,
        "score": 12.475302109259044
    },
    {
        "smiles": "C=C=CC(=C)C1NC2=C1O2.COC#CCCC(C)(C)OC#N",
        "depth": 22,
        "score": 6.868375849623824
    },
    {
        "smiles": "C=C=C1NC=C1C(N=N)C1=CO1.COC#CC(=O)CC(C)(C)O",
        "depth": 23,
        "score": 9.762323485346489
    },
    {
        "smiles": "C=C(CC1=CO1)C(N)=C=CC1=NCOC(C)(CCC#COC)C1",
        "depth": 24,
        "score": 1.162775580257256
    },
    {
        "smiles": "C=C(C(N)=C=CC(=N)CC(C)(O)CC(C)C#COC)C1NC2=C1O2",
        "depth": 25,
        "score": 11.548479010730773
    },
    {
        "smiles": "C=C(C(N)=C=CC1=NCOC(C)(CCC#COC)C1)C1NC2=C1O2",
        "depth": 26,
        "score": 7.939910999679426
    },
    {
        "smiles": "C=C(C1=C=CC2=NCOC(CCC#COC)(CN1)C2)C1NC2=C1O2",
        "depth": 27,
        "score": 17.22065407143078
    },
    {
        "smiles": "C=C1C(N)=C=CC2=NC2C2(CC(C#COC)CO2)CC12NC1=C2O1",
        "depth": 28,
        "score": 55.857514384717796
    },
    {
        "smiles": "C=C1C2=C=CC3=NC3C3(CC(C#COC)CO3)C(N2)C12NC1=C2O1",
        "depth": 29,
        "score": 106.17064584778646
    }
]
[
    {
        "smiles": "C=C(C#CC(C)(F)C1=C=C(C)C1N(C)O)CC.C=C=C=C",
        "depth": 20,
        "score": 94.73048238166315
    },
    {
        "smiles": "C=C(C#CC(C)(F)C1=C=C(C)C1N(C)O)C(C)C.C=C=C=C",
        "depth": 21,
        "score": 100.65775247902673
    },
    {
        "smiles": "C=C(C#CC(C)(F)C1=C=C(C)C1(C)N(C)O)C(C)C.C=C=C=C",
        "depth": 22,
        "score": 103.84346884511244
    },
    {
        "smiles": "C=C=C=C.CC1=C=C(C2(F)CC(=O)C3=C2C3)C1(C)N(C)O.CN",
        "depth": 23,
        "score": 113.53545540577647
    },
    {
        "smiles": "C=C=C=C.CC1=C=C(C2(F)CC(=O)C3=C2C3(C)C)C1N(C)O.CN",
        "depth": 24,
        "score": 121.1822505083469
    },
    {
        "smiles": "C=C=C=C.CC1=C=C(C2(F)CC(=O)C3=C2C3(C)C)C1(C)N(C)O.CN",
        "depth": 25,
        "score": 128.19161169603208
    }
]
[
    {
        "smiles": "C#C.C#C.C=C=C=C.C=CC=CCCC=C=CCC(C)=CN.O=CBr",
        "depth": 20,
        "score": 0.07103026264390522
    },
    {
        "smiles": "C#CCC.C#CO.C=C=C=C.N#CCCC=C=C1CC(O)C1.O=CBr",
        "depth": 21,
        "score": 0.12386979237911522
    },
    {
        "smiles": "C#CC.C#CO.C=C=C=C.CC.CCCC=C=C1CCC(C=N)C1.O=CBr",
        "depth": 22,
        "score": 0.1641585665841916
    },
    {
        "smiles": "C#CO.C=C=C=C.CC1(O)CC(=C=CCCC#N)C1.CCC#CN.O=CBr",
        "depth": 23,
        "score": 0.5705284044223493
    },
    {
        "smiles": "C#CCC.C#COCC(C=C=C1CC(C)(O)C1)CC#N.C=C=C=C.O=CBr",
        "depth": 24,
        "score": 0.913212759633319
    },
    {
        "smiles": "C#CO.C=C=C=C.CC(N)C#CN=CC1(O)CC(=C=CCCC#N)C1.O=CBr",
        "depth": 25,
        "score": 1.9194544382620216
    },
    {
        "smiles": "C#CC(N)C#CN=CC1(O)CC(=C=CCCC#N)C1.C#CO.C=C=C=C.O=CBr",
        "depth": 26,
        "score": 1.3331855772809416
    },
    {
        "smiles": "C#CC(N)C#CN=CC1(O)CC(=C=CCCC#N)C1.C#COC.C=C=C=C.O=CBr",
        "depth": 27,
        "score": 0.9507072349715764
    },
    {
        "smiles": "C#CC(C=C=C1CC(O)(C=NC#CCCC#N)C1)CC#N.C#CO.C=C=C=C.O=CBr",
        "depth": 28,
        "score": 8.118058071236955
    },
    {
        "smiles": "C#CCC=C=N.C#COC(C)C1(C=C=C2CC(O)(C#N)C2)CC1C.C=C=C=C.O=CBr",
        "depth": 29,
        "score": 14.245169124991707
    },
    {
        "smiles": "C#CC1N=CC1C1(C)CC1C=C=C1CC(O)(C#N)C1.C#COC=C.C=C=C=C.O=CBr",
        "depth": 30,
        "score": 23.942950033232826
    }
]
[
    {
        "smiles": "C=O.CC#CC(N)=C(C=C=C(C#CO)CC(C)(C)C)N=N.CO",
        "depth": 20,
        "score": 21.292011666178304
    },
    {
        "smiles": "CC#CC(N)=C(C=C=C(C#CO)CC(C)(C)C=C=O)N=N.CO",
        "depth": 21,
        "score": 18.281317169748693
    }
]
[
    {
        "smiles": "C#CC#CC(=S)CCNC1=CN1C(C)OC(=C)N.FCl.OO",
        "depth": 20,
        "score": 1.7738623975325805
    },
    {
        "smiles": "C#CC#CC(=S)CCNC1=CN1C1CC=C(N)O1.FCl.OO",
        "depth": 21,
        "score": 0.6644730276503736
    },
    {
        "smiles": "C#CC#CC(=S)CCNC1=CN1C(C)OC(=C)NOOO.FCl",
        "depth": 22,
        "score": 5.720329083762916
    },
    {
        "smiles": "C#CC#CC(=S)C(N)CNC1=CN1C(C)OC(=C)NOOO.FCl",
        "depth": 23,
        "score": 21.699727235887305
    },
    {
        "smiles": "C#CC#CC(=S)C1CN(C2=CN2C(C)OC(=C)NOOO)N1.FCl",
        "depth": 24,
        "score": 18.678159056246013
    },
    {
        "smiles": "C=C.C=C1OC(N2C=C2N(C)N)CC#CC(=S)C(C(C)F)N1C=O.FCl",
        "depth": 25,
        "score": 38.69148435096932
    },
    {
        "smiles": "C=C.C=C1OC2CC#CC(=S)C(C(C)F)(CNC3=CN32)N1(=O)C=O.FCl",
        "depth": 26,
        "score": 64.1554796782064
    },
    {
        "smiles": "C=C.CN(N)C1=CN1C1OC2=CC1C#CC(=S)C(C(F)C=O)N2C=O.FCl",
        "depth": 27,
        "score": 85.31468128694195
    },
    {
        "smiles": "C=C.CN(N)C1=CN1C1OC2=CC1C#CC(=S)C(C(F)C=O)N2(=O)C=O.FCl",
        "depth": 28,
        "score": 83.18055753375708
    }
]
[
    {
        "smiles": "C#CC(N=C=CC(=C)F)C(CC)CN(C)C(C)(O)CC#N",
        "depth": 20,
        "score": 1.1356613292555267
    },
    {
        "smiles": "C=C(F)C=C=NC(C)C(C)(CC)CN(C)C(C)(CC#N)OC",
        "depth": 21,
        "score": 2.49186080610545
    },
    {
        "smiles": "C=C(F)C=C=NC12CC13C(C2=C)N(C)C(C)(O)C3C#N",
        "depth": 22,
        "score": 0.3347233189411529
    },
    {
        "smiles": "C=C(F)C=C=NC1CCC1(CC)CN(C)C(C)(O)CC#N.C=C=C",
        "depth": 23,
        "score": 4.225817402160066
    },
    {
        "smiles": "C=C(F)C=C=NC1(C)C2=CC2C1(C)CN(C)C(C)(O)C(=C)C#N",
        "depth": 24,
        "score": 0.0040748770920426836
    },
    {
        "smiles": "C=C(F)C=C=NC12C#CC(N(C)C(C)(O)CC#N)C1C(C)C2.NC=O",
        "depth": 25,
        "score": 74.43026094887131
    },
    {
        "smiles": "C=C(F)C=C=NC12C#CC(N(C)C(C)(O)C(=C)C#N)C1C(C)C2.NC=O",
        "depth": 26,
        "score": 50.70084729191844
    },
    {
        "smiles": "C=C(F)C=C=NC12C#CC(N(C)C(C)(O)C(=C)C#N)C1C1C=C12.NCO",
        "depth": 27,
        "score": 62.62389443176305
    },
    {
        "smiles": "C=C(F)C=C=NC12C#CC(N(C)C(C)(O)C(C#N)=CC)C1C1C=C12.NCO",
        "depth": 28,
        "score": 73.4374564034805
    },
    {
        "smiles": "C=C(F)C=C=NC12C#CC3C1C1CC12OC(C)(C(=C)C#N)N3C.COCN",
        "depth": 29,
        "score": 93.38292641086667
    },
    {
        "smiles": "C=C(F)C=C=NC12C#CC3C1C1CC12OC(C)(C(C#N)=CC=NC)N3C.CO",
        "depth": 30,
        "score": 90.6985478319695
    },
    {
        "smiles": "C=C(F)C=C=NC12C#CC3C1C1CC12OC(C)(C(C#N)=CC=NCOC)N3C",
        "depth": 31,
        "score": 73.25822885453736
    }
]
[
    {
        "smiles": "C=C=C=C=CCOC=C=CC(C)C1COC1=C.CC(=O)Cl",
        "depth": 20,
        "score": 0.5681781407260136
    },
    {
        "smiles": "C=C=C.C=C=C=C=CC(C)(C)C(C=O)=C1OCC1=C.CC(=O)Cl",
        "depth": 21,
        "score": 0.017422825059840275
    },
    {
        "smiles": "C#CC(C#C)(C=C=C=C=C)C(C=O)=C1CCO1.C=C=C.CC(=O)Cl",
        "depth": 22,
        "score": 0.9601464129800465
    },
    {
        "smiles": "C#CC(C)(C=C=C=C=C)C(C=O)=C1OCC1CC=C=C.CC(=O)Cl",
        "depth": 23,
        "score": 0.666372194014655
    },
    {
        "smiles": "C#CC(C#C)(C=C=C=C=C)C(C=O)=C1OCC1CC.C=C=C.CC(=O)Cl",
        "depth": 24,
        "score": 0.265027300627251
    },
    {
        "smiles": "C#CC=C=CC#CC(C#C)(C=C=C=C=C)C(C=O)=C1CCO1.CC(=O)Cl",
        "depth": 25,
        "score": 0.7149607127845847
    },
    {
        "smiles": "C#C.C#CC(C#CC=C=C=CC)(C=C=C=C=C)C(C=O)=C1CCO1.CC(=O)Cl",
        "depth": 26,
        "score": 2.154014180931096
    },
    {
        "smiles": "C#C.C#CC1(C=C=C=C=C)C#CC=C=CC(C)C2COC2=C1C=O.CC(=O)Cl",
        "depth": 27,
        "score": 15.890659669376676
    }
]
[]
[
    {
        "smiles": "C=C=C(C)C#CC(C)CC(=C=O)C#CC.FN1C=N1.N#CF",
        "depth": 20,
        "score": 4.771450478267194
    }
]
[]
[
    {
        "smiles": "C#CF.CSC(F)=C1COC2(F)C=CC2(C)C12C#C2",
        "depth": 20,
        "score": 73.84614092259393
    },
    {
        "smiles": "C#CF.CO.CSC(F)=C1COC2(F)C=CC2(C)C12C#C2",
        "depth": 21,
        "score": 73.84614090523739
    },
    {
        "smiles": "C=O.CSC(F)C1=CC2(F)OCCC3(C#C3)C12C.OC#CF",
        "depth": 22,
        "score": 83.3643767232866
    },
    {
        "smiles": "C=S(C)C(F)C1=CC(F)(OC)C1(C)C1(C)C#C1.CO.COC#CF",
        "depth": 23,
        "score": 78.56530597123022
    },
    {
        "smiles": "C=S(C)C(F)C1=CC(F)(OC)C1(C)C1(C)C#C1.COC.COC#CF",
        "depth": 24,
        "score": 78.56530590351039
    },
    {
        "smiles": "COC.COC#CF.COC1(F)C=C(C(F)S(C)(C)O)C1(C)C1(C)C#C1",
        "depth": 25,
        "score": 115.77447435537191
    }
]
[]
[
    {
        "smiles": "C#CC1=C=C=CCN(ON)C#C1.CC#C[SH](C)C=C=N#N",
        "depth": 20,
        "score": 51.73237354832739
    }
]
[
    {
        "smiles": "C#CO.C=C.CCS(C)(=O)=C=C=N[SH]=O.CN(=O)(O)NO.COO.O=S",
        "depth": 20,
        "score": 0.44345780254041434
    },
    {
        "smiles": "C#CO.C=N[SH]=O.C=S(C)(=O)CC(=CN(=O)(O)NO)[SH](N)O.COO",
        "depth": 21,
        "score": 1.3787171824470374
    },
    {
        "smiles": "C#C.C=S(C)(=O)CCC(O[SH](#CO)N=C=O)N(=O)(O)NOO.O=CO",
        "depth": 22,
        "score": 1.0778917803206087
    },
    {
        "smiles": "C=C.C=S(=O)(CCC(O)N(=O)(O)NOOC)COC=O.N=C=[SH]N=C=O",
        "depth": 23,
        "score": 12.445003137267248
    },
    {
        "smiles": "C=S(=O)(COC=O)CC(=S)C(OS(=C=N)N=C=O)N(=O)(O)NOOC",
        "depth": 24,
        "score": 1.0511836926213456
    },
    {
        "smiles": "C=S(C)(=O)CC(SO)C(OS(=C=N)N=C=O)N(=O)(O)NOOC.COC=O",
        "depth": 25,
        "score": 2.7791906699913547
    },
    {
        "smiles": "C=S(C)(=O)CC(SO)C(OS(=C=N)N=C=O)N(=O)(O)NOOC.CCOC=O",
        "depth": 26,
        "score": 2.6984990855605684
    },
    {
        "smiles": "C=S(C)(=O)CC(SO)C(OS(=C=NC(C)OC=O)N=C=O)N(=O)(O)NOOC",
        "depth": 27,
        "score": 10.698034997456393
    }
]
[
    {
        "smiles": "C#CN(N)(=O)CC.C=C.C=NOOC#CCC.CC(C)=C=C(C)C",
        "depth": 20,
        "score": 0.27530446122029106
    },
    {
        "smiles": "C#C.C=C.C=C=NOOC#CC1=NN(=O)(C=C)C=CC(C)=C1.CC",
        "depth": 21,
        "score": 0.037730443629271915
    },
    {
        "smiles": "C#CC.C=C.C=C=NOOC#CC1=NN(=O)(C=C)C=CC(C)=C1.CC",
        "depth": 22,
        "score": 0.037730448224460034
    },
    {
        "smiles": "C=C.C=C=NOOC#CC(C=C(C)C)=NN(=O)(C=C)C(C)=C=CC.CC",
        "depth": 23,
        "score": 0.13252218203124788
    },
    {
        "smiles": "C=C.C=C=NOOC#CC(C=C(C)C)=NN(=O)(C=C)C(C)=C=CC.C=CC",
        "depth": 24,
        "score": 0.1325221817480553
    },
    {
        "smiles": "C#CC.C=C.C=CN(N)(=O)C(=C)CCC=NOOC#CC(=C=C(C)C)C=CC",
        "depth": 25,
        "score": 0.7739313135684088
    },
    {
        "smiles": "C#CC.C=CC1=CC(C#COON=C)=C=C(C)C=NN(=O)(C(=C)CC)C=C1",
        "depth": 26,
        "score": 2.512968420660078
    },
    {
        "smiles": "C#CC.C=CC(C)=CC1=C=C(C)CC(=C)N(N)(=O)C(=C)CCC=NOOC#C1",
        "depth": 27,
        "score": 0.5375970267915948
    },
    {
        "smiles": "C=CC.C=CC(C)=CC1=C=C(C)C2NN(=O)(C(=C)CCC=NOOC#C1)C2=C",
        "depth": 28,
        "score": 25.95264714760025
    }
]
[]
[
    {
        "smiles": "C#CC=C=C=C(CC)C1C=CN(F)OC1=C=C=N.C#CCl",
        "depth": 20,
        "score": 13.703381260697782
    },
    {
        "smiles": "C#CC1(C2C3CC32)C=CN(F)OC1=C=C=N.C=C=C=C",
        "depth": 21,
        "score": 16.84353315456679
    },
    {
        "smiles": "C#CC1C=C(C)N(F)OC1=C=C=NC1(C=C=C)CC1CCl",
        "depth": 22,
        "score": 16.18203591504914
    },
    {
        "smiles": "C#CC1(C2(C)C3CC32)C=C(O)N(F)OC1=C=C=N.C=C=CC",
        "depth": 23,
        "score": 24.220964439186215
    },
    {
        "smiles": "C#CC1(C2(CCl)C3CC32)C=C(O)N(F)OC1=C=C=N.C=C=CC",
        "depth": 24,
        "score": 19.35013749656433
    },
    {
        "smiles": "C=C=CC.CC#CC1(C2(CCl)C3CC32)C=CN(F)OC1=C=C=NC",
        "depth": 25,
        "score": 19.456486075191112
    },
    {
        "smiles": "C#CC1(C2(CCCl)C3CC32)C=C(O)N(F)OC1=C=C=NC.C=C=CC",
        "depth": 26,
        "score": 31.26356417373845
    },
    {
        "smiles": "CC#CC12C=C(CC(Cl)=C=CC34CC3C14C)N(F)OC2=C=C=NC",
        "depth": 27,
        "score": 67.07839976324887
    },
    {
        "smiles": "CN=C=C=C1ON(F)C(O)=CC12C#CC(Cl)CC21C(C)C1C(C)=C=CF",
        "depth": 28,
        "score": 92.28039651720518
    },
    {
        "smiles": "CC1=C=C1F.CN=C=C=C1ON(F)C(O)=CC12C#CC(Cl)CC21C2CC21",
        "depth": 29,
        "score": 137.36521944566215
    }
]
[]
[
    {
        "smiles": "C=C=C=CC=C.CC(C#N=O)N(C)C.CN1CON1.O=C(O)F",
        "depth": 20,
        "score": 0.34234649408568885
    },
    {
        "smiles": "C#CN1CON1.C=C=C=CC=C.CCNC(C)C#N=O.O=C(O)F",
        "depth": 21,
        "score": 0.13055746391851386
    },
    {
        "smiles": "C#CN(C#CN1CON1)C(C)C#N=O.C=C=C=CC=C.O=C(O)F",
        "depth": 22,
        "score": 0.08796633215238109
    },
    {
        "smiles": "C#CN1CON1C(=C=C=CC=C)N(CC)C(C)C#N=O.O=C(O)F",
        "depth": 23,
        "score": 3.614593369984661
    },
    {
        "smiles": "C=CN(C#CN1CON1C1=C=C=CC=C1)C(C)C#N=O.O=C(O)F",
        "depth": 24,
        "score": 86.66502797924782
    }
]
[
    {
        "smiles": "C#CC(C)C(N)=C=C.C#CC=C=C=C.C=C=CC1CC1=C=C",
        "depth": 20,
        "score": 15.341152781865144
    },
    {
        "smiles": "C#CC(=C=C=C)NC(=C=C)C(C)C#C.C=C=CC1CC1=C=C",
        "depth": 21,
        "score": 25.552069286513277
    },
    {
        "smiles": "C#CC(=C=C=C)NC(=C=C)C(C)C#C.C=C=CC12C=C=C1C2",
        "depth": 22,
        "score": 144.10582256269487
    }
]
[]
[]
[
    {
        "smiles": "C#CC(C)(C)OC#CC#CC1=CC(C=C)(C=C)N1.C#N.CS",
        "depth": 20,
        "score": 14.18618083241839
    },
    {
        "smiles": "C#N.C=CC1(C=C)C=C(C#CC#COC(C)(C)C#CC)N1.CS",
        "depth": 21,
        "score": 20.06007996174123
    },
    {
        "smiles": "C=C=C=CCC.C=CC(C)C#CC#CS.N#N.NC1=COC#CC#C1",
        "depth": 22,
        "score": 98.30277248965682
    },
    {
        "smiles": "C=CC(C)C#CC#CS.CCC=C=CCC1=C(N)C#CC#CO1.N#N",
        "depth": 23,
        "score": 99.50321321207704
    },
    {
        "smiles": "C#CC(C#CC#CS)C=C.CCC=C=NC1=C(CC)OC#CC#C1.N#N",
        "depth": 24,
        "score": 100.15216449361739
    },
    {
        "smiles": "C#CC1CC(C(=C=C)C(C)C#CC#CS)C2=C(C#CC#CO2)N1.N=N",
        "depth": 25,
        "score": 92.47352600494003
    },
    {
        "smiles": "C#CC1CC(C2=C=CCC2C#CC#CS)C2=C(C#CC#CO2)N1.N=N",
        "depth": 26,
        "score": 139.15798447288574
    }
]
[]
[
    {
        "smiles": "C=C.C=C=C=C1CN=C=N1.CC1=C=C1.O=C=C(C#CCl)CCl",
        "depth": 20,
        "score": 70.18777874773349
    }
]
[
    {
        "smiles": "C#CC.C#CC(F)=C1C(=C=CC2CN2C)NC1C.C=O.CO",
        "depth": 20,
        "score": 0.09062392072801462
    },
    {
        "smiles": "C#C.C#CC.C=O.CC(F)=C1C(=C=CCN2CC2)N(C)C1C.CO",
        "depth": 21,
        "score": 2.981048189784978
    },
    {
        "smiles": "C#C.CC#CC(=C=O)C1(CC)NC(=C=CCNC)C1=C(C)F.CO",
        "depth": 22,
        "score": 1.5871276798457266
    },
    {
        "smiles": "C#C.C=CC(F)=C1C(=C=CCNC)N(C)C1CC.CC#CC=C=O.CO",
        "depth": 23,
        "score": 0.0353999886742411
    },
    {
        "smiles": "C#C.CC#CC(=C=O)C1(CC)NC(=C=CCNC)C1=C(F)CCC.CO",
        "depth": 24,
        "score": 0.8626201338838255
    },
    {
        "smiles": "C#CN(C)CC=C=C1NC(CC)(C(=C=O)C#CC)C1=C(F)CCC.CO",
        "depth": 25,
        "score": 0.7485682940234064
    },
    {
        "smiles": "C#C.C#CCC1(C(=C=O)C#CC)C(=C(F)CCC)C(=C=CCNC)N1CO",
        "depth": 26,
        "score": 0.31321192413518917
    },
    {
        "smiles": "C#CN(C)CC=C=C1C(=C(F)CC(=C)C)C(CC)(C(=C=O)C#CC)N1C.CO",
        "depth": 27,
        "score": 5.092730801138752
    },
    {
        "smiles": "C#CN(C)CC=C=C1C(=C(F)CC(=C)C)C(CC=C)(C(=C=O)C#CC)N1CO",
        "depth": 28,
        "score": 0.6650354087017498
    }
]
[]
[]
[
    {
        "smiles": "C#CC(Cl)=CC=C=C.C=C.C=C(C)CC(C)=C=CC.C=C=O.CCO",
        "depth": 20,
        "score": 0.2708851671142487
    },
    {
        "smiles": "C#CC(Cl)=CC=C=C.C=C(C)CC(C)=C=CC.C=C=O.CC(C)O.N=O",
        "depth": 21,
        "score": 0.2708851666840293
    },
    {
        "smiles": "C#CC.C#CC(Cl)=CC=C=C.C=C(C)CC(C)=C=CC.C=C=O.CC(C)O",
        "depth": 22,
        "score": 0.2708851667628436
    },
    {
        "smiles": "C=C(C)CC(C)=C=CC.C=C=CC=C(Cl)C#CC#N.C=C=O.CCC.CCO",
        "depth": 23,
        "score": 1.1675020412105734
    },
    {
        "smiles": "C#CC.C#CC(Cl)=CC=C=C=C=C(C#N)C(C(C)=C=CC)C(C)O.C=C=O",
        "depth": 24,
        "score": 4.059201994679262
    },
    {
        "smiles": "C#CC(Cl)=CC=C=C=C=C(C#N)C(C(C)=C=CC)C(C)O.C#CC=C=C=O",
        "depth": 25,
        "score": 0.142628747596806
    },
    {
        "smiles": "C#CC.C#CC(Cl)=CC=C=C=C=C(C)C(C(C)=C=CCC=C=O)C(C)ON=O",
        "depth": 26,
        "score": 0.1473544400174598
    },
    {
        "smiles": "C#CC(Cl)=CC=C=C=C=C(C)C(C(C)=C=CCC=C=O)C1CO1.CC#CC.N=O",
        "depth": 27,
        "score": 0.24567482958225018
    },
    {
        "smiles": "C#CC(Cl)=CC=C=C=C=C1CC(=C=O)CC=C=C(C)C1C(C)ON=O.CC#CC",
        "depth": 28,
        "score": 1.0185855320118407
    },
    {
        "smiles": "CC#CC.CC#CC(Cl)=CC=C=C=C=C1CC(=C=O)CC=C=C(C)C1C(C)OC.NO",
        "depth": 29,
        "score": 16.28125810316427
    }
]
[]
[]
[]
[
    {
        "smiles": "C#CC(F)=C(C)C(N=C)C(C(C)C(C)C#CC=C)=S(#C)C",
        "depth": 20,
        "score": 1.4790565768411925
    },
    {
        "smiles": "C#CC(F)=C(C)C(C(=C)C)C(CC(C)C#CC)=S(C)#CNC",
        "depth": 21,
        "score": 0.13041126801114533
    },
    {
        "smiles": "C#CC(F)=C(C)C(C(=C)C)C(CC(C)C#CC)=S(C#C)#CC.CC",
        "depth": 22,
        "score": 4.342066196318504
    },
    {
        "smiles": "C#CC(F)=C(C)C(C(=C)C)C(CC(C)C#CC)=S(C)#CNC.C#N.CC",
        "depth": 23,
        "score": 1.3844030505038267
    },
    {
        "smiles": "C#CC(F)=C(C)C(C(=C)C)C(C(C)C(C)C#CC)=S(C#C)#CC=C.CC",
        "depth": 24,
        "score": 7.128276151069042
    },
    {
        "smiles": "C#CC(F)=C(C)C(C(=C)C)C(C(C)C(C)C#CC)=S(C#CN)#CC=C.CC",
        "depth": 25,
        "score": 6.789473270404701
    },
    {
        "smiles": "C#CCC(=C(F)C#C)C(C(=C)C)C(C(C)C(C)C#CC)=S(C#C)#CC=C.CC",
        "depth": 26,
        "score": 1.3936978305340473
    },
    {
        "smiles": "C#CCC(=C(F)C#C)C1C(C)=CC=CC#S(C#C)=C1C(C)C(C)C#CC.CC",
        "depth": 27,
        "score": 13.337040669542619
    },
    {
        "smiles": "C#CCC(=C(F)C#C)C1C(C)=CC=CC#S(C#CN)=C1C(C)C(C)C#CC.CC",
        "depth": 28,
        "score": 11.319838203936643
    },
    {
        "smiles": "C#CCC(=C(F)C#C)C1C(C)=C(N=CC)C=CC#S(C#C)=C1C(C)C(C)C#CC",
        "depth": 29,
        "score": 7.052877122471676
    },
    {
        "smiles": "C#CC(F)=C1CC(=C)C12C(C)=C(N=CC)C=CC#S(C#C)=C2C(C)C(C)C#CC",
        "depth": 30,
        "score": 24.90543009932687
    },
    {
        "smiles": "C#CC(F)=C1CC(=C)C12C(C)=C(N=CC)C=CC#S(C#CN)=C2C(C)C(C)C#CC",
        "depth": 31,
        "score": 21.335338672701887
    }
]
[
    {
        "smiles": "C#CC(O)C#CC.C=NCC#CC.CC=O.ONCN=C=COO",
        "depth": 20,
        "score": 1.1410819906242673
    },
    {
        "smiles": "C#CC(O)C#CC.C=NCC#CC.CC.CC=O.ONCN=C=COO",
        "depth": 21,
        "score": 1.14108198845077
    },
    {
        "smiles": "C#CC(C#CC)OC=C.C#CCN(CN=C=COO)OC.C=C.C=N.C=O",
        "depth": 22,
        "score": 0.15143280965878714
    },
    {
        "smiles": "C#CC(C#CC)OC=C.C=CC#CCN(CN=C=COO)OC.C=N.C=O",
        "depth": 23,
        "score": 3.089941889766623
    },
    {
        "smiles": "C#CC(C#CC)OC=C.C=NC1(C#CC)CON1CN=C=COO.C=O",
        "depth": 24,
        "score": 4.233041255225059
    },
    {
        "smiles": "C#CC(C#CC)OC=C.C=NC1(C#CC)CON1CN=C=C(C)OO.C=O",
        "depth": 25,
        "score": 1.478886743298347
    },
    {
        "smiles": "C#CC(C#CC)OC=C.C=NC1(C#CC)C(C=O)ON1CN=C=C(C)OO",
        "depth": 26,
        "score": 7.062487263558872
    },
    {
        "smiles": "C#CC(C#CC)OC=C.C=CC#CC1(N=C)C(C=O)ON1CN=C=C(C)OO",
        "depth": 27,
        "score": 6.145785605711119
    },
    {
        "smiles": "C#CC(C#CC)OC=C.C=CC#CC1(N=C)C(C=O)ON1CN(=O)=C=C(C)OO",
        "depth": 28,
        "score": 31.566426934922134
    }
]
[
    {
        "smiles": "C=NC(CCF)(OC)C(=C)C.CC.CC1(C2=C=C2)COC1",
        "depth": 20,
        "score": 8.948161031710068
    },
    {
        "smiles": "C=NC(CCF)(OC)C(C)=CC.CC.CC1(C2=C=C2)COC1",
        "depth": 21,
        "score": 16.495523181407492
    },
    {
        "smiles": "C=NC(CCF)(OC)C(C)=C(C)C1=C=C1C1(C)COC1.CC",
        "depth": 22,
        "score": 25.55526641275554
    }
]
[
    {
        "smiles": "C#CCC(=C=O)C=C=C.C=CC.C=NN=C=CC(=C)C1C=C1",
        "depth": 20,
        "score": 3.8519845484532573
    },
    {
        "smiles": "C#CC(=C)C.C#CC(C)C(=C)C=C=NN=C.C=C=CC(=C=O)CC",
        "depth": 21,
        "score": 9.018493634147767
    },
    {
        "smiles": "C#CCC(=C=O)C=C=C.C=NN=C=CC(=C)C(C)CC#CC(=C)C",
        "depth": 22,
        "score": 5.4385889273977215
    },
    {
        "smiles": "C#CCC(=C=O)C=C=C.C=NN=C=CC(=C)C1CC1C#CC(=C)C",
        "depth": 23,
        "score": 3.943921985562077
    },
    {
        "smiles": "C#CC(C)C(=C)C(=C=NN=C)C=C=C1OC(C=C)C1=C=CC(=C)C",
        "depth": 24,
        "score": 23.567426924325854
    },
    {
        "smiles": "C#CC(C)C(=C)C(=C=NN=C)C=C=C1OC(C=C)C1=C=CC(=C)CC",
        "depth": 25,
        "score": 23.12517113044902
    },
    {
        "smiles": "C#CC(C)C1=C=C=C(CC)C=C=C2C(=C=CC1=C=NN=C)OC2C=C",
        "depth": 26,
        "score": 26.67416768937507
    },
    {
        "smiles": "C=NN=C=C1C=C=C2OC(CC)C2=C=CC2=C=C=C1C(C)C#CC2.CCl",
        "depth": 27,
        "score": 80.30054033236001
    }
]
[]
[]
[]
[
    {
        "smiles": "C#CC.C=C(C)NCN=O.C=NC=CC(=C)CC(C=O)=CNC",
        "depth": 20,
        "score": 0.009022328103478472
    },
    {
        "smiles": "C#CC.C=NC=C1C(=C)CC(C=O)=CN2CC2NC1N=O",
        "depth": 21,
        "score": 0.03353474335557394
    },
    {
        "smiles": "C#CC.C=NC=C1C(=C)CC(C=O)=CN2CC2NC1N=O.CO",
        "depth": 22,
        "score": 0.03353474431431991
    },
    {
        "smiles": "C#CC.C=C(C)CC(C=O)=CN1CC1(C)NC(=C=CN(=C)=O)N=O",
        "depth": 23,
        "score": 3.350138840536734
    }
]
[
    {
        "smiles": "C#COON(N)CC(=O)C1C=C1OC.NC1CC1NF",
        "depth": 20,
        "score": 35.3312683240706
    },
    {
        "smiles": "C#COON(N)CC(=O)C1C=C1OC.NC1=CC1(Cl)NF",
        "depth": 21,
        "score": 53.27037822539949
    }
]
[]
[]
[
    {
        "smiles": "C#CCCl.CC(=CO)OF.CC(N)=C=CNC(=N)C(C)C(C)C",
        "depth": 20,
        "score": 3.04973469831931
    },
    {
        "smiles": "C#CCCl.CC(=CO)OF.CC1=C=CNC(=N)C(C)(C(C)C)N1",
        "depth": 21,
        "score": 49.80213422720879
    }
]
[]
[
    {
        "smiles": "C#CC1(C#COCC(=N)S)N=C(C(=C)C)O1.C=CCN.OCl",
        "depth": 20,
        "score": 4.631963270678146
    },
    {
        "smiles": "C#CC1(C#COCC(=N)S)N=C(C(=C)C)O1.C=CCN=C.OCl",
        "depth": 21,
        "score": 0.13799041505681675
    },
    {
        "smiles": "C#CC1(C#COCC(=N)S)N=C(C(=C)C)O1.C=C.C=CCN=C.OCl",
        "depth": 22,
        "score": 0.1379904151496243
    },
    {
        "smiles": "C#CC1(C#COCC(=N)S)N=C(C(=C)C)O1.C=CC=NCC=C.OCl",
        "depth": 23,
        "score": 4.887582772199647
    },
    {
        "smiles": "C#CC1(C#COCC(=N)S)N=C(C(=C)C)O1.CCCN1C=CC1.OCl",
        "depth": 24,
        "score": 6.501957757677377
    },
    {
        "smiles": "C#CC1(C#COCC(S)=NC(C)CN2C=CC2)N=C(C(=C)C)O1.OCl",
        "depth": 25,
        "score": 33.35996909142323
    },
    {
        "smiles": "C=C1C=C(C)C2=NC1(C#COCC(S)=NC(C)CN1C=CC1)O2.OCl",
        "depth": 26,
        "score": 108.70421901138289
    }
]
[]
[
    {
        "smiles": "C#CC(OC)C(=C)C(N)=C=C=C(N)C(N)(C#CC)C(C)O",
        "depth": 20,
        "score": 34.10678263177041
    }
]
[
    {
        "smiles": "C=C(C)CC(C)(O)C1CCC1.C=CC.C=CCC(=C)C.N#N=O",
        "depth": 20,
        "score": 11.468642873587585
    },
    {
        "smiles": "C=C.C=C(C)CC(C)(O)C1CCC1.C=CC.C=CCC(=C)C.N#N=O",
        "depth": 21,
        "score": 11.46864287130942
    },
    {
        "smiles": "C=C(C)C(=C)C(C)(OC=CC)C1=CCC1.C=CCC(=C)C.N#N=O",
        "depth": 22,
        "score": 15.1790572365175
    },
    {
        "smiles": "C=C(C)C(=C)C(C)(OC=CC)C1=CCC1.C=CCC(=C)C.CC.N#N=O",
        "depth": 23,
        "score": 15.17905723372575
    },
    {
        "smiles": "C=CC(CC(=C)C(=C)C(C)(OC=CC)C1=CCC1)C(=C)C.CC.N#N=O",
        "depth": 24,
        "score": 24.794343641457864
    },
    {
        "smiles": "C=C(C)CC=C1CC(C(=C)C)C(C)(C2(CC)CCC2)O1.C=CC.N#N=O",
        "depth": 25,
        "score": 24.21374507689844
    },
    {
        "smiles": "C=C(C)C1=CC(=C)C2CC(=C1)OC2(C)C1(CC)CCC1.C=CC.N#N=O",
        "depth": 26,
        "score": 64.61218755430852
    }
]
[]
[]
[
    {
        "smiles": "C=C(N)C(C)(C)NC=N.CC#CCOCl.CS.OC1=C2CC12",
        "depth": 20,
        "score": 23.79676717504762
    },
    {
        "smiles": "C=C(N)C(C)(C)N(C=N)CC#CCOCl.CS.OC1=C2CC12",
        "depth": 21,
        "score": 2.667489837706725
    },
    {
        "smiles": "CC=C(N)C(C)(C)N(C=N)CC#CCOCl.CS.OC1=C2CC12",
        "depth": 22,
        "score": 5.216140016539488
    },
    {
        "smiles": "C=C(N)C(C)(N)CCC1C2=C(OCSC)C21.C=N.CC#CCOCl",
        "depth": 23,
        "score": 32.71198736928556
    },
    {
        "smiles": "C=C=C(NC1C2=C(O)C21)C1CN1CC#CCOCl.CC#CSC",
        "depth": 24,
        "score": 34.73718755427711
    },
    {
        "smiles": "C=C1CC2(NC(=C)C1NCC#CCOCl)C1=C(O)C12.CC#CSC",
        "depth": 25,
        "score": 38.01818915437397
    },
    {
        "smiles": "CC#CSC.CC(C)=C=C(NC1C2=C(O)C21)C1CN1CC#CCOCl",
        "depth": 26,
        "score": 36.53821356727787
    },
    {
        "smiles": "C#CC.C=C1N2OC3=C4C3C42CCC1(CC)N(C)CC#CCOCl.CS",
        "depth": 27,
        "score": 73.31050186049917
    },
    {
        "smiles": "C=C1N2OC3=C4C3C42CC(C)C1(CC)NCC#CCOCl.CC#CC.CS",
        "depth": 28,
        "score": 81.80638984211318
    },
    {
        "smiles": "CC#CCOCl.CSC#CC1N(C2C3=C4OC432)C(=C=C(C)C)C12CN2C",
        "depth": 29,
        "score": 92.13868488357029
    },
    {
        "smiles": "CC#CCOCl.CSC#CC1N(C2C3=C4OC432)C(=C=C(C)C)C12C(C)N2C",
        "depth": 30,
        "score": 100.57667011520732
    },
    {
        "smiles": "CC#CCOCl.CSC#CC1N(C2C3=C4OC432)C(=C=C(C)C)C12N(C)C2(C)C",
        "depth": 31,
        "score": 101.31046966100689
    },
    {
        "smiles": "CC#CCOCl.CSC#CC1N2C(=C=C(C)C)C13N(C)C3(C)CC21C2=C3OC321",
        "depth": 32,
        "score": 163.4076852976798
    }
]
[]
[
    {
        "smiles": "C#CO.C=C=C=CC=C(C#COF)C(C)C=C.C=CC(C)=O.CO",
        "depth": 20,
        "score": 6.6428554864344465
    },
    {
        "smiles": "C=C=C=CC(C)=C(C#COF)C(=C)CO.C=CC=O.CCC=C=O",
        "depth": 21,
        "score": 7.933205351330128
    },
    {
        "smiles": "C#CC#C.C=C=C=C1CC(CO)C(C#COF)=C1O.C=CC(C)=O",
        "depth": 22,
        "score": 12.209942432293424
    },
    {
        "smiles": "C#CC#C.C=C=C=C1CC(COC)C(C#COF)=C1O.C=CC(C)=O",
        "depth": 23,
        "score": 14.89449251469462
    },
    {
        "smiles": "C=C=C=C1CC(C)(CCC=C=O)C(C#COF)=C1C.C=CC(=O)CO",
        "depth": 24,
        "score": 24.719900487704535
    },
    {
        "smiles": "C=C=C=C1CC(CCC=C=O)(COCC(=O)C=C)C(C#COF)=C1C",
        "depth": 25,
        "score": 35.86693395753329
    }
]
